09:03:57 INFO  : Registering command handlers for SDK TCF services
09:03:58 INFO  : Launching XSCT server: xsct -n -interactive /home/jay/Kanish/custom_memory/custom_memory.sdk/temp_xsdb_launch_script.tcl
09:04:00 INFO  : XSCT server has started successfully.
09:04:00 INFO  : Successfully done setting XSCT server connection channel  
09:04:00 INFO  : Successfully done setting SDK workspace  
09:04:00 INFO  : Processing command line option -hwspec /home/jay/Kanish/custom_memory/custom_memory.sdk/custom_mem_wrapper.hdf.
09:15:15 INFO  : Connected to target on host '127.0.0.1' and port '3121'.
09:15:15 INFO  : Jtag cable 'Digilent Zed 210248AA5818' is selected.
09:15:15 INFO  : 'jtag frequency' command is executed.
09:15:15 INFO  : Sourcing of '/home/jay/Kanish/custom_memory/custom_memory.sdk/custom_mem_wrapper_hw_platform_0/ps7_init.tcl' is done.
09:15:15 INFO  : Context for 'APU' is selected.
09:15:15 INFO  : System reset is completed.
09:15:18 INFO  : 'after 3000' command is executed.
09:15:18 INFO  : 'targets -set -filter {jtag_cable_name =~ "Digilent Zed 210248AA5818" && level==0} -index 1' command is executed.
09:15:21 INFO  : FPGA configured successfully with bitstream "/home/jay/Kanish/custom_memory/custom_memory.sdk/custom_mem_wrapper_hw_platform_0/custom_mem_wrapper.bit"
09:15:21 INFO  : Context for 'APU' is selected.
09:15:21 INFO  : Hardware design information is loaded from '/home/jay/Kanish/custom_memory/custom_memory.sdk/custom_mem_wrapper_hw_platform_0/system.hdf'.
09:15:21 INFO  : 'configparams force-mem-access 1' command is executed.
09:15:21 INFO  : Context for 'APU' is selected.
09:15:21 INFO  : 'ps7_init' command is executed.
09:15:21 INFO  : 'ps7_post_config' command is executed.
09:15:21 INFO  : Context for processor 'ps7_cortexa9_0' is selected.
09:15:22 INFO  : The application '/home/jay/Kanish/custom_memory/custom_memory.sdk/custom_mem_test/Debug/custom_mem_test.elf' is downloaded to processor 'ps7_cortexa9_0'.
09:15:22 INFO  : 'configparams force-mem-access 0' command is executed.
09:15:22 INFO  : ----------------XSDB Script----------------
connect -url tcp:127.0.0.1:3121
source /home/jay/Kanish/custom_memory/custom_memory.sdk/custom_mem_wrapper_hw_platform_0/ps7_init.tcl
targets -set -nocase -filter {name =~"APU*" && jtag_cable_name =~ "Digilent Zed 210248AA5818"} -index 0
rst -system
after 3000
targets -set -filter {jtag_cable_name =~ "Digilent Zed 210248AA5818" && level==0} -index 1
fpga -file /home/jay/Kanish/custom_memory/custom_memory.sdk/custom_mem_wrapper_hw_platform_0/custom_mem_wrapper.bit
targets -set -nocase -filter {name =~"APU*" && jtag_cable_name =~ "Digilent Zed 210248AA5818"} -index 0
loadhw -hw /home/jay/Kanish/custom_memory/custom_memory.sdk/custom_mem_wrapper_hw_platform_0/system.hdf -mem-ranges [list {0x40000000 0xbfffffff}]
configparams force-mem-access 1
targets -set -nocase -filter {name =~"APU*" && jtag_cable_name =~ "Digilent Zed 210248AA5818"} -index 0
ps7_init
ps7_post_config
targets -set -nocase -filter {name =~ "ARM*#0" && jtag_cable_name =~ "Digilent Zed 210248AA5818"} -index 0
dow /home/jay/Kanish/custom_memory/custom_memory.sdk/custom_mem_test/Debug/custom_mem_test.elf
configparams force-mem-access 0
----------------End of Script----------------

09:15:22 INFO  : Memory regions updated for context APU
09:15:22 INFO  : Context for processor 'ps7_cortexa9_0' is selected.
09:15:22 INFO  : 'con' command is executed.
09:15:22 INFO  : ----------------XSDB Script (After Launch)----------------
targets -set -nocase -filter {name =~ "ARM*#0" && jtag_cable_name =~ "Digilent Zed 210248AA5818"} -index 0
con
----------------End of Script----------------

09:15:22 INFO  : Launch script is exported to file '/home/jay/Kanish/custom_memory/custom_memory.sdk/.sdk/launch_scripts/xilinx_c-c++_application_(system_debugger)/system_debugger_on_local.tcl'
09:15:30 INFO  : Disconnected from the channel tcfchan#1.
09:15:31 INFO  : Connected to target on host '127.0.0.1' and port '3121'.
09:15:31 INFO  : Jtag cable 'Digilent Zed 210248AA5818' is selected.
09:15:31 INFO  : 'jtag frequency' command is executed.
09:15:31 INFO  : Sourcing of '/home/jay/Kanish/custom_memory/custom_memory.sdk/custom_mem_wrapper_hw_platform_0/ps7_init.tcl' is done.
09:15:31 INFO  : Context for 'APU' is selected.
09:15:31 INFO  : System reset is completed.
09:15:34 INFO  : 'after 3000' command is executed.
09:15:34 INFO  : 'targets -set -filter {jtag_cable_name =~ "Digilent Zed 210248AA5818" && level==0} -index 1' command is executed.
09:15:37 INFO  : FPGA configured successfully with bitstream "/home/jay/Kanish/custom_memory/custom_memory.sdk/custom_mem_wrapper_hw_platform_0/custom_mem_wrapper.bit"
09:15:37 INFO  : Context for 'APU' is selected.
09:15:39 INFO  : Hardware design information is loaded from '/home/jay/Kanish/custom_memory/custom_memory.sdk/custom_mem_wrapper_hw_platform_0/system.hdf'.
09:15:39 INFO  : 'configparams force-mem-access 1' command is executed.
09:15:39 INFO  : Context for 'APU' is selected.
09:15:39 INFO  : 'ps7_init' command is executed.
09:15:39 INFO  : 'ps7_post_config' command is executed.
09:15:39 INFO  : Context for processor 'ps7_cortexa9_0' is selected.
09:15:39 INFO  : The application '/home/jay/Kanish/custom_memory/custom_memory.sdk/custom_mem_test/Debug/custom_mem_test.elf' is downloaded to processor 'ps7_cortexa9_0'.
09:15:39 INFO  : 'configparams force-mem-access 0' command is executed.
09:15:39 INFO  : ----------------XSDB Script----------------
connect -url tcp:127.0.0.1:3121
source /home/jay/Kanish/custom_memory/custom_memory.sdk/custom_mem_wrapper_hw_platform_0/ps7_init.tcl
targets -set -nocase -filter {name =~"APU*" && jtag_cable_name =~ "Digilent Zed 210248AA5818"} -index 0
rst -system
after 3000
targets -set -filter {jtag_cable_name =~ "Digilent Zed 210248AA5818" && level==0} -index 1
fpga -file /home/jay/Kanish/custom_memory/custom_memory.sdk/custom_mem_wrapper_hw_platform_0/custom_mem_wrapper.bit
targets -set -nocase -filter {name =~"APU*" && jtag_cable_name =~ "Digilent Zed 210248AA5818"} -index 0
loadhw -hw /home/jay/Kanish/custom_memory/custom_memory.sdk/custom_mem_wrapper_hw_platform_0/system.hdf -mem-ranges [list {0x40000000 0xbfffffff}]
configparams force-mem-access 1
targets -set -nocase -filter {name =~"APU*" && jtag_cable_name =~ "Digilent Zed 210248AA5818"} -index 0
ps7_init
ps7_post_config
targets -set -nocase -filter {name =~ "ARM*#0" && jtag_cable_name =~ "Digilent Zed 210248AA5818"} -index 0
dow /home/jay/Kanish/custom_memory/custom_memory.sdk/custom_mem_test/Debug/custom_mem_test.elf
configparams force-mem-access 0
----------------End of Script----------------

09:15:39 INFO  : Memory regions updated for context APU
09:15:39 INFO  : Context for processor 'ps7_cortexa9_0' is selected.
09:15:39 INFO  : 'con' command is executed.
09:15:39 INFO  : ----------------XSDB Script (After Launch)----------------
targets -set -nocase -filter {name =~ "ARM*#0" && jtag_cable_name =~ "Digilent Zed 210248AA5818"} -index 0
con
----------------End of Script----------------

09:15:39 INFO  : Launch script is exported to file '/home/jay/Kanish/custom_memory/custom_memory.sdk/.sdk/launch_scripts/xilinx_c-c++_application_(system_debugger)/system_debugger_on_local.tcl'
09:15:54 INFO  : Disconnected from the channel tcfchan#2.
09:15:55 INFO  : Connected to target on host '127.0.0.1' and port '3121'.
09:15:56 INFO  : Jtag cable 'Digilent Zed 210248AA5818' is selected.
09:15:56 INFO  : 'jtag frequency' command is executed.
09:15:56 INFO  : Sourcing of '/home/jay/Kanish/custom_memory/custom_memory.sdk/custom_mem_wrapper_hw_platform_0/ps7_init.tcl' is done.
09:15:56 INFO  : Context for 'APU' is selected.
09:15:56 INFO  : System reset is completed.
09:15:59 INFO  : 'after 3000' command is executed.
09:15:59 INFO  : 'targets -set -filter {jtag_cable_name =~ "Digilent Zed 210248AA5818" && level==0} -index 1' command is executed.
09:16:01 INFO  : FPGA configured successfully with bitstream "/home/jay/Kanish/custom_memory/custom_memory.sdk/custom_mem_wrapper_hw_platform_0/custom_mem_wrapper.bit"
09:16:02 INFO  : Context for 'APU' is selected.
09:16:04 INFO  : Hardware design information is loaded from '/home/jay/Kanish/custom_memory/custom_memory.sdk/custom_mem_wrapper_hw_platform_0/system.hdf'.
09:16:04 INFO  : 'configparams force-mem-access 1' command is executed.
09:16:04 INFO  : Context for 'APU' is selected.
09:16:04 INFO  : 'ps7_init' command is executed.
09:16:04 INFO  : 'ps7_post_config' command is executed.
09:16:04 INFO  : Context for processor 'ps7_cortexa9_0' is selected.
09:16:04 INFO  : The application '/home/jay/Kanish/custom_memory/custom_memory.sdk/custom_mem_test/Debug/custom_mem_test.elf' is downloaded to processor 'ps7_cortexa9_0'.
09:16:04 INFO  : 'configparams force-mem-access 0' command is executed.
09:16:04 INFO  : ----------------XSDB Script----------------
connect -url tcp:127.0.0.1:3121
source /home/jay/Kanish/custom_memory/custom_memory.sdk/custom_mem_wrapper_hw_platform_0/ps7_init.tcl
targets -set -nocase -filter {name =~"APU*" && jtag_cable_name =~ "Digilent Zed 210248AA5818"} -index 0
rst -system
after 3000
targets -set -filter {jtag_cable_name =~ "Digilent Zed 210248AA5818" && level==0} -index 1
fpga -file /home/jay/Kanish/custom_memory/custom_memory.sdk/custom_mem_wrapper_hw_platform_0/custom_mem_wrapper.bit
targets -set -nocase -filter {name =~"APU*" && jtag_cable_name =~ "Digilent Zed 210248AA5818"} -index 0
loadhw -hw /home/jay/Kanish/custom_memory/custom_memory.sdk/custom_mem_wrapper_hw_platform_0/system.hdf -mem-ranges [list {0x40000000 0xbfffffff}]
configparams force-mem-access 1
targets -set -nocase -filter {name =~"APU*" && jtag_cable_name =~ "Digilent Zed 210248AA5818"} -index 0
ps7_init
ps7_post_config
targets -set -nocase -filter {name =~ "ARM*#0" && jtag_cable_name =~ "Digilent Zed 210248AA5818"} -index 0
dow /home/jay/Kanish/custom_memory/custom_memory.sdk/custom_mem_test/Debug/custom_mem_test.elf
configparams force-mem-access 0
----------------End of Script----------------

09:16:04 INFO  : Memory regions updated for context APU
09:16:04 INFO  : Launch script is exported to file '/home/jay/Kanish/custom_memory/custom_memory.sdk/.sdk/launch_scripts/xilinx_c-c++_application_(system_debugger)/system_debugger_on_local.tcl'
09:16:51 INFO  : Disconnected from the channel tcfchan#3.
09:16:52 INFO  : Connected to target on host '127.0.0.1' and port '3121'.
09:16:52 INFO  : Jtag cable 'Digilent Zed 210248AA5818' is selected.
09:16:52 INFO  : 'jtag frequency' command is executed.
09:16:52 INFO  : Sourcing of '/home/jay/Kanish/custom_memory/custom_memory.sdk/custom_mem_wrapper_hw_platform_0/ps7_init.tcl' is done.
09:16:52 INFO  : Context for 'APU' is selected.
09:16:52 INFO  : System reset is completed.
09:16:55 INFO  : 'after 3000' command is executed.
09:16:56 INFO  : 'targets -set -filter {jtag_cable_name =~ "Digilent Zed 210248AA5818" && level==0} -index 1' command is executed.
09:16:58 INFO  : FPGA configured successfully with bitstream "/home/jay/Kanish/custom_memory/custom_memory.sdk/custom_mem_wrapper_hw_platform_0/custom_mem_wrapper.bit"
09:16:58 INFO  : Context for 'APU' is selected.
09:17:00 INFO  : Hardware design information is loaded from '/home/jay/Kanish/custom_memory/custom_memory.sdk/custom_mem_wrapper_hw_platform_0/system.hdf'.
09:17:00 INFO  : 'configparams force-mem-access 1' command is executed.
09:17:00 INFO  : Context for 'APU' is selected.
09:17:00 INFO  : 'ps7_init' command is executed.
09:17:00 INFO  : 'ps7_post_config' command is executed.
09:17:01 INFO  : Context for processor 'ps7_cortexa9_0' is selected.
09:17:01 INFO  : The application '/home/jay/Kanish/custom_memory/custom_memory.sdk/custom_mem_test/Debug/custom_mem_test.elf' is downloaded to processor 'ps7_cortexa9_0'.
09:17:01 INFO  : 'configparams force-mem-access 0' command is executed.
09:17:01 INFO  : ----------------XSDB Script----------------
connect -url tcp:127.0.0.1:3121
source /home/jay/Kanish/custom_memory/custom_memory.sdk/custom_mem_wrapper_hw_platform_0/ps7_init.tcl
targets -set -nocase -filter {name =~"APU*" && jtag_cable_name =~ "Digilent Zed 210248AA5818"} -index 0
rst -system
after 3000
targets -set -filter {jtag_cable_name =~ "Digilent Zed 210248AA5818" && level==0} -index 1
fpga -file /home/jay/Kanish/custom_memory/custom_memory.sdk/custom_mem_wrapper_hw_platform_0/custom_mem_wrapper.bit
targets -set -nocase -filter {name =~"APU*" && jtag_cable_name =~ "Digilent Zed 210248AA5818"} -index 0
loadhw -hw /home/jay/Kanish/custom_memory/custom_memory.sdk/custom_mem_wrapper_hw_platform_0/system.hdf -mem-ranges [list {0x40000000 0xbfffffff}]
configparams force-mem-access 1
targets -set -nocase -filter {name =~"APU*" && jtag_cable_name =~ "Digilent Zed 210248AA5818"} -index 0
ps7_init
ps7_post_config
targets -set -nocase -filter {name =~ "ARM*#0" && jtag_cable_name =~ "Digilent Zed 210248AA5818"} -index 0
dow /home/jay/Kanish/custom_memory/custom_memory.sdk/custom_mem_test/Debug/custom_mem_test.elf
configparams force-mem-access 0
----------------End of Script----------------

09:17:01 INFO  : Memory regions updated for context APU
09:17:01 INFO  : Launch script is exported to file '/home/jay/Kanish/custom_memory/custom_memory.sdk/.sdk/launch_scripts/xilinx_c-c++_application_(system_debugger)/system_debugger_on_local.tcl'
09:18:01 INFO  : Disconnected from the channel tcfchan#4.
09:18:02 INFO  : Connected to target on host '127.0.0.1' and port '3121'.
09:18:02 INFO  : Jtag cable 'Digilent Zed 210248AA5818' is selected.
09:18:02 INFO  : 'jtag frequency' command is executed.
09:18:02 INFO  : Sourcing of '/home/jay/Kanish/custom_memory/custom_memory.sdk/custom_mem_wrapper_hw_platform_0/ps7_init.tcl' is done.
09:18:02 INFO  : Context for 'APU' is selected.
09:18:03 INFO  : System reset is completed.
09:18:06 INFO  : 'after 3000' command is executed.
09:18:06 INFO  : 'targets -set -filter {jtag_cable_name =~ "Digilent Zed 210248AA5818" && level==0} -index 1' command is executed.
09:18:08 INFO  : FPGA configured successfully with bitstream "/home/jay/Kanish/custom_memory/custom_memory.sdk/custom_mem_wrapper_hw_platform_0/custom_mem_wrapper.bit"
09:18:08 INFO  : Context for 'APU' is selected.
09:18:10 INFO  : Hardware design information is loaded from '/home/jay/Kanish/custom_memory/custom_memory.sdk/custom_mem_wrapper_hw_platform_0/system.hdf'.
09:18:10 INFO  : 'configparams force-mem-access 1' command is executed.
09:18:10 INFO  : Context for 'APU' is selected.
09:18:11 INFO  : 'ps7_init' command is executed.
09:18:11 INFO  : 'ps7_post_config' command is executed.
09:18:11 INFO  : Context for processor 'ps7_cortexa9_0' is selected.
09:18:11 INFO  : The application '/home/jay/Kanish/custom_memory/custom_memory.sdk/custom_mem_test/Debug/custom_mem_test.elf' is downloaded to processor 'ps7_cortexa9_0'.
09:18:11 INFO  : 'configparams force-mem-access 0' command is executed.
09:18:11 INFO  : ----------------XSDB Script----------------
connect -url tcp:127.0.0.1:3121
source /home/jay/Kanish/custom_memory/custom_memory.sdk/custom_mem_wrapper_hw_platform_0/ps7_init.tcl
targets -set -nocase -filter {name =~"APU*" && jtag_cable_name =~ "Digilent Zed 210248AA5818"} -index 0
rst -system
after 3000
targets -set -filter {jtag_cable_name =~ "Digilent Zed 210248AA5818" && level==0} -index 1
fpga -file /home/jay/Kanish/custom_memory/custom_memory.sdk/custom_mem_wrapper_hw_platform_0/custom_mem_wrapper.bit
targets -set -nocase -filter {name =~"APU*" && jtag_cable_name =~ "Digilent Zed 210248AA5818"} -index 0
loadhw -hw /home/jay/Kanish/custom_memory/custom_memory.sdk/custom_mem_wrapper_hw_platform_0/system.hdf -mem-ranges [list {0x40000000 0xbfffffff}]
configparams force-mem-access 1
targets -set -nocase -filter {name =~"APU*" && jtag_cable_name =~ "Digilent Zed 210248AA5818"} -index 0
ps7_init
ps7_post_config
targets -set -nocase -filter {name =~ "ARM*#0" && jtag_cable_name =~ "Digilent Zed 210248AA5818"} -index 0
dow /home/jay/Kanish/custom_memory/custom_memory.sdk/custom_mem_test/Debug/custom_mem_test.elf
configparams force-mem-access 0
----------------End of Script----------------

09:18:11 INFO  : Memory regions updated for context APU
09:18:11 INFO  : Launch script is exported to file '/home/jay/Kanish/custom_memory/custom_memory.sdk/.sdk/launch_scripts/xilinx_c-c++_application_(system_debugger)/system_debugger_on_local.tcl'
09:18:25 INFO  : Disconnected from the channel tcfchan#5.
09:18:26 INFO  : Connected to target on host '127.0.0.1' and port '3121'.
09:18:26 INFO  : Jtag cable 'Digilent Zed 210248AA5818' is selected.
09:18:26 INFO  : 'jtag frequency' command is executed.
09:18:26 INFO  : Sourcing of '/home/jay/Kanish/custom_memory/custom_memory.sdk/custom_mem_wrapper_hw_platform_0/ps7_init.tcl' is done.
09:18:26 INFO  : Context for 'APU' is selected.
09:18:27 INFO  : System reset is completed.
09:18:30 INFO  : 'after 3000' command is executed.
09:18:30 INFO  : 'targets -set -filter {jtag_cable_name =~ "Digilent Zed 210248AA5818" && level==0} -index 1' command is executed.
09:18:32 INFO  : FPGA configured successfully with bitstream "/home/jay/Kanish/custom_memory/custom_memory.sdk/custom_mem_wrapper_hw_platform_0/custom_mem_wrapper.bit"
09:18:32 INFO  : Context for 'APU' is selected.
09:18:34 INFO  : Hardware design information is loaded from '/home/jay/Kanish/custom_memory/custom_memory.sdk/custom_mem_wrapper_hw_platform_0/system.hdf'.
09:18:34 INFO  : 'configparams force-mem-access 1' command is executed.
09:18:34 INFO  : Context for 'APU' is selected.
09:18:34 INFO  : 'ps7_init' command is executed.
09:18:34 INFO  : 'ps7_post_config' command is executed.
09:18:35 INFO  : Context for processor 'ps7_cortexa9_0' is selected.
09:18:35 INFO  : The application '/home/jay/Kanish/custom_memory/custom_memory.sdk/custom_mem_test/Debug/custom_mem_test.elf' is downloaded to processor 'ps7_cortexa9_0'.
09:18:35 INFO  : 'configparams force-mem-access 0' command is executed.
09:18:35 INFO  : ----------------XSDB Script----------------
connect -url tcp:127.0.0.1:3121
source /home/jay/Kanish/custom_memory/custom_memory.sdk/custom_mem_wrapper_hw_platform_0/ps7_init.tcl
targets -set -nocase -filter {name =~"APU*" && jtag_cable_name =~ "Digilent Zed 210248AA5818"} -index 0
rst -system
after 3000
targets -set -filter {jtag_cable_name =~ "Digilent Zed 210248AA5818" && level==0} -index 1
fpga -file /home/jay/Kanish/custom_memory/custom_memory.sdk/custom_mem_wrapper_hw_platform_0/custom_mem_wrapper.bit
targets -set -nocase -filter {name =~"APU*" && jtag_cable_name =~ "Digilent Zed 210248AA5818"} -index 0
loadhw -hw /home/jay/Kanish/custom_memory/custom_memory.sdk/custom_mem_wrapper_hw_platform_0/system.hdf -mem-ranges [list {0x40000000 0xbfffffff}]
configparams force-mem-access 1
targets -set -nocase -filter {name =~"APU*" && jtag_cable_name =~ "Digilent Zed 210248AA5818"} -index 0
ps7_init
ps7_post_config
targets -set -nocase -filter {name =~ "ARM*#0" && jtag_cable_name =~ "Digilent Zed 210248AA5818"} -index 0
dow /home/jay/Kanish/custom_memory/custom_memory.sdk/custom_mem_test/Debug/custom_mem_test.elf
configparams force-mem-access 0
----------------End of Script----------------

09:18:35 INFO  : Memory regions updated for context APU
09:18:35 INFO  : Launch script is exported to file '/home/jay/Kanish/custom_memory/custom_memory.sdk/.sdk/launch_scripts/xilinx_c-c++_application_(system_debugger)/system_debugger_on_local.tcl'
09:20:01 INFO  : Disconnected from the channel tcfchan#6.
09:20:02 INFO  : Connected to target on host '127.0.0.1' and port '3121'.
09:20:02 INFO  : Jtag cable 'Digilent Zed 210248AA5818' is selected.
09:20:02 INFO  : 'jtag frequency' command is executed.
09:20:02 INFO  : Sourcing of '/home/jay/Kanish/custom_memory/custom_memory.sdk/custom_mem_wrapper_hw_platform_0/ps7_init.tcl' is done.
09:20:02 INFO  : Context for 'APU' is selected.
09:20:02 INFO  : System reset is completed.
09:20:05 INFO  : 'after 3000' command is executed.
09:20:05 INFO  : 'targets -set -filter {jtag_cable_name =~ "Digilent Zed 210248AA5818" && level==0} -index 1' command is executed.
09:20:07 INFO  : FPGA configured successfully with bitstream "/home/jay/Kanish/custom_memory/custom_memory.sdk/custom_mem_wrapper_hw_platform_0/custom_mem_wrapper.bit"
09:20:07 INFO  : Context for 'APU' is selected.
09:20:09 INFO  : Hardware design information is loaded from '/home/jay/Kanish/custom_memory/custom_memory.sdk/custom_mem_wrapper_hw_platform_0/system.hdf'.
09:20:09 INFO  : 'configparams force-mem-access 1' command is executed.
09:20:09 INFO  : Context for 'APU' is selected.
09:20:10 INFO  : 'ps7_init' command is executed.
09:20:10 INFO  : 'ps7_post_config' command is executed.
09:20:10 INFO  : Context for processor 'ps7_cortexa9_0' is selected.
09:20:10 INFO  : The application '/home/jay/Kanish/custom_memory/custom_memory.sdk/custom_mem_test/Debug/custom_mem_test.elf' is downloaded to processor 'ps7_cortexa9_0'.
09:20:10 INFO  : 'configparams force-mem-access 0' command is executed.
09:20:10 INFO  : ----------------XSDB Script----------------
connect -url tcp:127.0.0.1:3121
source /home/jay/Kanish/custom_memory/custom_memory.sdk/custom_mem_wrapper_hw_platform_0/ps7_init.tcl
targets -set -nocase -filter {name =~"APU*" && jtag_cable_name =~ "Digilent Zed 210248AA5818"} -index 0
rst -system
after 3000
targets -set -filter {jtag_cable_name =~ "Digilent Zed 210248AA5818" && level==0} -index 1
fpga -file /home/jay/Kanish/custom_memory/custom_memory.sdk/custom_mem_wrapper_hw_platform_0/custom_mem_wrapper.bit
targets -set -nocase -filter {name =~"APU*" && jtag_cable_name =~ "Digilent Zed 210248AA5818"} -index 0
loadhw -hw /home/jay/Kanish/custom_memory/custom_memory.sdk/custom_mem_wrapper_hw_platform_0/system.hdf -mem-ranges [list {0x40000000 0xbfffffff}]
configparams force-mem-access 1
targets -set -nocase -filter {name =~"APU*" && jtag_cable_name =~ "Digilent Zed 210248AA5818"} -index 0
ps7_init
ps7_post_config
targets -set -nocase -filter {name =~ "ARM*#0" && jtag_cable_name =~ "Digilent Zed 210248AA5818"} -index 0
dow /home/jay/Kanish/custom_memory/custom_memory.sdk/custom_mem_test/Debug/custom_mem_test.elf
configparams force-mem-access 0
----------------End of Script----------------

09:20:10 INFO  : Memory regions updated for context APU
09:20:10 INFO  : Launch script is exported to file '/home/jay/Kanish/custom_memory/custom_memory.sdk/.sdk/launch_scripts/xilinx_c-c++_application_(system_debugger)/system_debugger_on_local.tcl'
09:20:35 INFO  : Disconnected from the channel tcfchan#7.
09:20:36 INFO  : Connected to target on host '127.0.0.1' and port '3121'.
09:20:36 INFO  : Jtag cable 'Digilent Zed 210248AA5818' is selected.
09:20:36 INFO  : 'jtag frequency' command is executed.
09:20:36 INFO  : Sourcing of '/home/jay/Kanish/custom_memory/custom_memory.sdk/custom_mem_wrapper_hw_platform_0/ps7_init.tcl' is done.
09:20:36 INFO  : Context for 'APU' is selected.
09:20:36 INFO  : System reset is completed.
09:20:39 INFO  : 'after 3000' command is executed.
09:20:39 INFO  : 'targets -set -filter {jtag_cable_name =~ "Digilent Zed 210248AA5818" && level==0} -index 1' command is executed.
09:20:41 INFO  : FPGA configured successfully with bitstream "/home/jay/Kanish/custom_memory/custom_memory.sdk/custom_mem_wrapper_hw_platform_0/custom_mem_wrapper.bit"
09:20:42 INFO  : Context for 'APU' is selected.
09:20:44 INFO  : Hardware design information is loaded from '/home/jay/Kanish/custom_memory/custom_memory.sdk/custom_mem_wrapper_hw_platform_0/system.hdf'.
09:20:44 INFO  : 'configparams force-mem-access 1' command is executed.
09:20:44 INFO  : Context for 'APU' is selected.
09:20:44 INFO  : 'ps7_init' command is executed.
09:20:44 INFO  : 'ps7_post_config' command is executed.
09:20:44 INFO  : Context for processor 'ps7_cortexa9_0' is selected.
09:20:44 INFO  : The application '/home/jay/Kanish/custom_memory/custom_memory.sdk/custom_mem_test/Debug/custom_mem_test.elf' is downloaded to processor 'ps7_cortexa9_0'.
09:20:44 INFO  : 'configparams force-mem-access 0' command is executed.
09:20:44 INFO  : ----------------XSDB Script----------------
connect -url tcp:127.0.0.1:3121
source /home/jay/Kanish/custom_memory/custom_memory.sdk/custom_mem_wrapper_hw_platform_0/ps7_init.tcl
targets -set -nocase -filter {name =~"APU*" && jtag_cable_name =~ "Digilent Zed 210248AA5818"} -index 0
rst -system
after 3000
targets -set -filter {jtag_cable_name =~ "Digilent Zed 210248AA5818" && level==0} -index 1
fpga -file /home/jay/Kanish/custom_memory/custom_memory.sdk/custom_mem_wrapper_hw_platform_0/custom_mem_wrapper.bit
targets -set -nocase -filter {name =~"APU*" && jtag_cable_name =~ "Digilent Zed 210248AA5818"} -index 0
loadhw -hw /home/jay/Kanish/custom_memory/custom_memory.sdk/custom_mem_wrapper_hw_platform_0/system.hdf -mem-ranges [list {0x40000000 0xbfffffff}]
configparams force-mem-access 1
targets -set -nocase -filter {name =~"APU*" && jtag_cable_name =~ "Digilent Zed 210248AA5818"} -index 0
ps7_init
ps7_post_config
targets -set -nocase -filter {name =~ "ARM*#0" && jtag_cable_name =~ "Digilent Zed 210248AA5818"} -index 0
dow /home/jay/Kanish/custom_memory/custom_memory.sdk/custom_mem_test/Debug/custom_mem_test.elf
configparams force-mem-access 0
----------------End of Script----------------

09:20:44 INFO  : Memory regions updated for context APU
09:20:44 INFO  : Launch script is exported to file '/home/jay/Kanish/custom_memory/custom_memory.sdk/.sdk/launch_scripts/xilinx_c-c++_application_(system_debugger)/system_debugger_on_local.tcl'
09:20:58 INFO  : Disconnected from the channel tcfchan#8.
09:20:59 INFO  : Connected to target on host '127.0.0.1' and port '3121'.
09:20:59 INFO  : Jtag cable 'Digilent Zed 210248AA5818' is selected.
09:20:59 INFO  : 'jtag frequency' command is executed.
09:20:59 INFO  : Sourcing of '/home/jay/Kanish/custom_memory/custom_memory.sdk/custom_mem_wrapper_hw_platform_0/ps7_init.tcl' is done.
09:20:59 INFO  : Context for 'APU' is selected.
09:20:59 INFO  : System reset is completed.
09:21:02 INFO  : 'after 3000' command is executed.
09:21:03 INFO  : 'targets -set -filter {jtag_cable_name =~ "Digilent Zed 210248AA5818" && level==0} -index 1' command is executed.
09:21:05 INFO  : FPGA configured successfully with bitstream "/home/jay/Kanish/custom_memory/custom_memory.sdk/custom_mem_wrapper_hw_platform_0/custom_mem_wrapper.bit"
09:21:05 INFO  : Context for 'APU' is selected.
09:21:07 INFO  : Hardware design information is loaded from '/home/jay/Kanish/custom_memory/custom_memory.sdk/custom_mem_wrapper_hw_platform_0/system.hdf'.
09:21:07 INFO  : 'configparams force-mem-access 1' command is executed.
09:21:07 INFO  : Context for 'APU' is selected.
09:21:07 INFO  : 'ps7_init' command is executed.
09:21:07 INFO  : 'ps7_post_config' command is executed.
09:21:07 INFO  : Context for processor 'ps7_cortexa9_0' is selected.
09:21:08 INFO  : The application '/home/jay/Kanish/custom_memory/custom_memory.sdk/custom_mem_test/Debug/custom_mem_test.elf' is downloaded to processor 'ps7_cortexa9_0'.
09:21:08 INFO  : 'configparams force-mem-access 0' command is executed.
09:21:08 INFO  : ----------------XSDB Script----------------
connect -url tcp:127.0.0.1:3121
source /home/jay/Kanish/custom_memory/custom_memory.sdk/custom_mem_wrapper_hw_platform_0/ps7_init.tcl
targets -set -nocase -filter {name =~"APU*" && jtag_cable_name =~ "Digilent Zed 210248AA5818"} -index 0
rst -system
after 3000
targets -set -filter {jtag_cable_name =~ "Digilent Zed 210248AA5818" && level==0} -index 1
fpga -file /home/jay/Kanish/custom_memory/custom_memory.sdk/custom_mem_wrapper_hw_platform_0/custom_mem_wrapper.bit
targets -set -nocase -filter {name =~"APU*" && jtag_cable_name =~ "Digilent Zed 210248AA5818"} -index 0
loadhw -hw /home/jay/Kanish/custom_memory/custom_memory.sdk/custom_mem_wrapper_hw_platform_0/system.hdf -mem-ranges [list {0x40000000 0xbfffffff}]
configparams force-mem-access 1
targets -set -nocase -filter {name =~"APU*" && jtag_cable_name =~ "Digilent Zed 210248AA5818"} -index 0
ps7_init
ps7_post_config
targets -set -nocase -filter {name =~ "ARM*#0" && jtag_cable_name =~ "Digilent Zed 210248AA5818"} -index 0
dow /home/jay/Kanish/custom_memory/custom_memory.sdk/custom_mem_test/Debug/custom_mem_test.elf
configparams force-mem-access 0
----------------End of Script----------------

09:21:08 INFO  : Memory regions updated for context APU
09:21:08 INFO  : Launch script is exported to file '/home/jay/Kanish/custom_memory/custom_memory.sdk/.sdk/launch_scripts/xilinx_c-c++_application_(system_debugger)/system_debugger_on_local.tcl'
09:22:20 INFO  : Disconnected from the channel tcfchan#9.
09:22:21 INFO  : Connected to target on host '127.0.0.1' and port '3121'.
09:22:21 INFO  : Jtag cable 'Digilent Zed 210248AA5818' is selected.
09:22:21 INFO  : 'jtag frequency' command is executed.
09:22:21 INFO  : Sourcing of '/home/jay/Kanish/custom_memory/custom_memory.sdk/custom_mem_wrapper_hw_platform_0/ps7_init.tcl' is done.
09:22:21 INFO  : Context for 'APU' is selected.
09:22:21 INFO  : System reset is completed.
09:22:24 INFO  : 'after 3000' command is executed.
09:22:24 INFO  : 'targets -set -filter {jtag_cable_name =~ "Digilent Zed 210248AA5818" && level==0} -index 1' command is executed.
09:22:27 INFO  : FPGA configured successfully with bitstream "/home/jay/Kanish/custom_memory/custom_memory.sdk/custom_mem_wrapper_hw_platform_0/custom_mem_wrapper.bit"
09:22:27 INFO  : Context for 'APU' is selected.
09:22:29 INFO  : Hardware design information is loaded from '/home/jay/Kanish/custom_memory/custom_memory.sdk/custom_mem_wrapper_hw_platform_0/system.hdf'.
09:22:29 INFO  : 'configparams force-mem-access 1' command is executed.
09:22:29 INFO  : Context for 'APU' is selected.
09:22:29 INFO  : 'ps7_init' command is executed.
09:22:29 INFO  : 'ps7_post_config' command is executed.
09:22:29 INFO  : Context for processor 'ps7_cortexa9_0' is selected.
09:22:29 INFO  : The application '/home/jay/Kanish/custom_memory/custom_memory.sdk/custom_mem_test/Debug/custom_mem_test.elf' is downloaded to processor 'ps7_cortexa9_0'.
09:22:29 INFO  : 'configparams force-mem-access 0' command is executed.
09:22:29 INFO  : ----------------XSDB Script----------------
connect -url tcp:127.0.0.1:3121
source /home/jay/Kanish/custom_memory/custom_memory.sdk/custom_mem_wrapper_hw_platform_0/ps7_init.tcl
targets -set -nocase -filter {name =~"APU*" && jtag_cable_name =~ "Digilent Zed 210248AA5818"} -index 0
rst -system
after 3000
targets -set -filter {jtag_cable_name =~ "Digilent Zed 210248AA5818" && level==0} -index 1
fpga -file /home/jay/Kanish/custom_memory/custom_memory.sdk/custom_mem_wrapper_hw_platform_0/custom_mem_wrapper.bit
targets -set -nocase -filter {name =~"APU*" && jtag_cable_name =~ "Digilent Zed 210248AA5818"} -index 0
loadhw -hw /home/jay/Kanish/custom_memory/custom_memory.sdk/custom_mem_wrapper_hw_platform_0/system.hdf -mem-ranges [list {0x40000000 0xbfffffff}]
configparams force-mem-access 1
targets -set -nocase -filter {name =~"APU*" && jtag_cable_name =~ "Digilent Zed 210248AA5818"} -index 0
ps7_init
ps7_post_config
targets -set -nocase -filter {name =~ "ARM*#0" && jtag_cable_name =~ "Digilent Zed 210248AA5818"} -index 0
dow /home/jay/Kanish/custom_memory/custom_memory.sdk/custom_mem_test/Debug/custom_mem_test.elf
configparams force-mem-access 0
----------------End of Script----------------

09:22:29 INFO  : Memory regions updated for context APU
09:22:29 INFO  : Launch script is exported to file '/home/jay/Kanish/custom_memory/custom_memory.sdk/.sdk/launch_scripts/xilinx_c-c++_application_(system_debugger)/system_debugger_on_local.tcl'
09:22:45 INFO  : Disconnected from the channel tcfchan#10.
09:22:46 INFO  : Connected to target on host '127.0.0.1' and port '3121'.
09:22:46 INFO  : Jtag cable 'Digilent Zed 210248AA5818' is selected.
09:22:46 INFO  : 'jtag frequency' command is executed.
09:22:46 INFO  : Sourcing of '/home/jay/Kanish/custom_memory/custom_memory.sdk/custom_mem_wrapper_hw_platform_0/ps7_init.tcl' is done.
09:22:47 INFO  : Context for 'APU' is selected.
09:22:47 INFO  : System reset is completed.
09:22:50 INFO  : 'after 3000' command is executed.
09:22:50 INFO  : 'targets -set -filter {jtag_cable_name =~ "Digilent Zed 210248AA5818" && level==0} -index 1' command is executed.
09:22:52 INFO  : FPGA configured successfully with bitstream "/home/jay/Kanish/custom_memory/custom_memory.sdk/custom_mem_wrapper_hw_platform_0/custom_mem_wrapper.bit"
09:22:52 INFO  : Context for 'APU' is selected.
09:22:54 INFO  : Hardware design information is loaded from '/home/jay/Kanish/custom_memory/custom_memory.sdk/custom_mem_wrapper_hw_platform_0/system.hdf'.
09:22:54 INFO  : 'configparams force-mem-access 1' command is executed.
09:22:54 INFO  : Context for 'APU' is selected.
09:22:55 INFO  : 'ps7_init' command is executed.
09:22:55 INFO  : 'ps7_post_config' command is executed.
09:22:55 INFO  : Context for processor 'ps7_cortexa9_0' is selected.
09:22:55 INFO  : The application '/home/jay/Kanish/custom_memory/custom_memory.sdk/custom_mem_test/Debug/custom_mem_test.elf' is downloaded to processor 'ps7_cortexa9_0'.
09:22:55 INFO  : 'configparams force-mem-access 0' command is executed.
09:22:55 INFO  : ----------------XSDB Script----------------
connect -url tcp:127.0.0.1:3121
source /home/jay/Kanish/custom_memory/custom_memory.sdk/custom_mem_wrapper_hw_platform_0/ps7_init.tcl
targets -set -nocase -filter {name =~"APU*" && jtag_cable_name =~ "Digilent Zed 210248AA5818"} -index 0
rst -system
after 3000
targets -set -filter {jtag_cable_name =~ "Digilent Zed 210248AA5818" && level==0} -index 1
fpga -file /home/jay/Kanish/custom_memory/custom_memory.sdk/custom_mem_wrapper_hw_platform_0/custom_mem_wrapper.bit
targets -set -nocase -filter {name =~"APU*" && jtag_cable_name =~ "Digilent Zed 210248AA5818"} -index 0
loadhw -hw /home/jay/Kanish/custom_memory/custom_memory.sdk/custom_mem_wrapper_hw_platform_0/system.hdf -mem-ranges [list {0x40000000 0xbfffffff}]
configparams force-mem-access 1
targets -set -nocase -filter {name =~"APU*" && jtag_cable_name =~ "Digilent Zed 210248AA5818"} -index 0
ps7_init
ps7_post_config
targets -set -nocase -filter {name =~ "ARM*#0" && jtag_cable_name =~ "Digilent Zed 210248AA5818"} -index 0
dow /home/jay/Kanish/custom_memory/custom_memory.sdk/custom_mem_test/Debug/custom_mem_test.elf
configparams force-mem-access 0
----------------End of Script----------------

09:22:55 INFO  : Memory regions updated for context APU
09:22:55 INFO  : Launch script is exported to file '/home/jay/Kanish/custom_memory/custom_memory.sdk/.sdk/launch_scripts/xilinx_c-c++_application_(system_debugger)/system_debugger_on_local.tcl'
09:25:58 INFO  : Disconnected from the channel tcfchan#11.
09:25:59 INFO  : 'targets -set -filter {jtag_cable_name =~ "Digilent Zed 210248AA5818" && level==0} -index 1' command is executed.
09:25:59 INFO  : 'fpga -state' command is executed.
09:25:59 INFO  : Connected to target on host '127.0.0.1' and port '3121'.
09:25:59 INFO  : Jtag cable 'Digilent Zed 210248AA5818' is selected.
09:25:59 INFO  : 'jtag frequency' command is executed.
09:25:59 INFO  : Sourcing of '/home/jay/Kanish/custom_memory/custom_memory.sdk/custom_mem_wrapper_hw_platform_0/ps7_init.tcl' is done.
09:25:59 INFO  : Context for 'APU' is selected.
09:26:01 INFO  : Hardware design information is loaded from '/home/jay/Kanish/custom_memory/custom_memory.sdk/custom_mem_wrapper_hw_platform_0/system.hdf'.
09:26:01 INFO  : 'configparams force-mem-access 1' command is executed.
09:26:01 INFO  : Context for 'APU' is selected.
09:26:01 INFO  : 'stop' command is executed.
09:26:02 INFO  : 'ps7_init' command is executed.
09:26:02 INFO  : 'ps7_post_config' command is executed.
09:26:02 INFO  : Context for processor 'ps7_cortexa9_0' is selected.
09:26:02 INFO  : Processor reset is completed for 'ps7_cortexa9_0'.
09:26:02 INFO  : Context for processor 'ps7_cortexa9_0' is selected.
09:26:02 INFO  : The application '/home/jay/Kanish/custom_memory/custom_memory.sdk/custom_mem_test/Debug/custom_mem_test.elf' is downloaded to processor 'ps7_cortexa9_0'.
09:26:02 INFO  : 'configparams force-mem-access 0' command is executed.
09:26:02 INFO  : ----------------XSDB Script----------------
connect -url tcp:127.0.0.1:3121
source /home/jay/Kanish/custom_memory/custom_memory.sdk/custom_mem_wrapper_hw_platform_0/ps7_init.tcl
targets -set -nocase -filter {name =~"APU*" && jtag_cable_name =~ "Digilent Zed 210248AA5818"} -index 0
loadhw -hw /home/jay/Kanish/custom_memory/custom_memory.sdk/custom_mem_wrapper_hw_platform_0/system.hdf -mem-ranges [list {0x40000000 0xbfffffff}]
configparams force-mem-access 1
targets -set -nocase -filter {name =~"APU*" && jtag_cable_name =~ "Digilent Zed 210248AA5818"} -index 0
stop
ps7_init
ps7_post_config
targets -set -nocase -filter {name =~ "ARM*#0" && jtag_cable_name =~ "Digilent Zed 210248AA5818"} -index 0
rst -processor
targets -set -nocase -filter {name =~ "ARM*#0" && jtag_cable_name =~ "Digilent Zed 210248AA5818"} -index 0
dow /home/jay/Kanish/custom_memory/custom_memory.sdk/custom_mem_test/Debug/custom_mem_test.elf
configparams force-mem-access 0
----------------End of Script----------------

09:26:02 INFO  : Memory regions updated for context APU
09:26:02 INFO  : Context for processor 'ps7_cortexa9_0' is selected.
09:26:02 INFO  : 'con' command is executed.
09:26:02 INFO  : ----------------XSDB Script (After Launch)----------------
targets -set -nocase -filter {name =~ "ARM*#0" && jtag_cable_name =~ "Digilent Zed 210248AA5818"} -index 0
con
----------------End of Script----------------

09:26:02 INFO  : Launch script is exported to file '/home/jay/Kanish/custom_memory/custom_memory.sdk/.sdk/launch_scripts/xilinx_c-c++_application_(system_debugger)/system_debugger_on_local.tcl'
10:57:06 INFO  : Disconnected from the channel tcfchan#12.
18:51:39 INFO  : Registering command handlers for SDK TCF services
18:51:40 INFO  : Launching XSCT server: xsct -n -interactive /home/jay/Kanish/custom_memory/custom_memory.sdk/temp_xsdb_launch_script.tcl
18:51:42 INFO  : XSCT server has started successfully.
18:51:42 INFO  : Successfully done setting XSCT server connection channel  
18:51:42 INFO  : Successfully done setting SDK workspace  
18:51:42 INFO  : Processing command line option -hwspec /home/jay/Kanish/custom_memory/custom_memory.sdk/custom_mem_wrapper.hdf.
18:51:42 INFO  : Checking for hwspec changes in the project custom_mem_wrapper_hw_platform_0.
18:55:59 ERROR : (XSDB Server)Hangup

19:02:23 INFO  : Registering command handlers for SDK TCF services
19:02:24 INFO  : Launching XSCT server: xsct -n -interactive /home/jay/Kanish/custom_memory/custom_memory.sdk/temp_xsdb_launch_script.tcl
19:02:26 INFO  : XSCT server has started successfully.
19:02:26 INFO  : Successfully done setting XSCT server connection channel  
19:02:26 INFO  : Successfully done setting SDK workspace  
19:02:26 INFO  : Processing command line option -hwspec /home/jay/Kanish/custom_memory/custom_memory.sdk/custom_mem_wrapper.hdf.
19:02:26 INFO  : Checking for hwspec changes in the project custom_mem_wrapper_hw_platform_0.
19:03:00 INFO  : Connected to target on host '127.0.0.1' and port '3121'.
19:03:00 INFO  : Jtag cable 'Digilent Zed 210248AA5818' is selected.
19:03:00 INFO  : 'jtag frequency' command is executed.
19:03:00 INFO  : Sourcing of '/home/jay/Kanish/custom_memory/custom_memory.sdk/custom_mem_wrapper_hw_platform_0/ps7_init.tcl' is done.
19:03:00 INFO  : Context for 'APU' is selected.
19:03:00 INFO  : System reset is completed.
19:03:03 INFO  : 'after 3000' command is executed.
19:03:03 INFO  : 'targets -set -filter {jtag_cable_name =~ "Digilent Zed 210248AA5818" && level==0} -index 1' command is executed.
19:03:06 INFO  : FPGA configured successfully with bitstream "/home/jay/Kanish/custom_memory/custom_memory.sdk/custom_mem_wrapper_hw_platform_0/custom_mem_wrapper.bit"
19:03:06 INFO  : Context for 'APU' is selected.
19:03:06 INFO  : Hardware design information is loaded from '/home/jay/Kanish/custom_memory/custom_memory.sdk/custom_mem_wrapper_hw_platform_0/system.hdf'.
19:03:06 INFO  : 'configparams force-mem-access 1' command is executed.
19:03:06 INFO  : Context for 'APU' is selected.
19:03:06 INFO  : 'ps7_init' command is executed.
19:03:06 INFO  : 'ps7_post_config' command is executed.
19:03:06 INFO  : Context for processor 'ps7_cortexa9_0' is selected.
19:03:06 INFO  : The application '/home/jay/Kanish/custom_memory/custom_memory.sdk/custom_mem_test/Debug/custom_mem_test.elf' is downloaded to processor 'ps7_cortexa9_0'.
19:03:06 INFO  : 'configparams force-mem-access 0' command is executed.
19:03:06 INFO  : ----------------XSDB Script----------------
connect -url tcp:127.0.0.1:3121
source /home/jay/Kanish/custom_memory/custom_memory.sdk/custom_mem_wrapper_hw_platform_0/ps7_init.tcl
targets -set -nocase -filter {name =~"APU*" && jtag_cable_name =~ "Digilent Zed 210248AA5818"} -index 0
rst -system
after 3000
targets -set -filter {jtag_cable_name =~ "Digilent Zed 210248AA5818" && level==0} -index 1
fpga -file /home/jay/Kanish/custom_memory/custom_memory.sdk/custom_mem_wrapper_hw_platform_0/custom_mem_wrapper.bit
targets -set -nocase -filter {name =~"APU*" && jtag_cable_name =~ "Digilent Zed 210248AA5818"} -index 0
loadhw -hw /home/jay/Kanish/custom_memory/custom_memory.sdk/custom_mem_wrapper_hw_platform_0/system.hdf -mem-ranges [list {0x40000000 0xbfffffff}]
configparams force-mem-access 1
targets -set -nocase -filter {name =~"APU*" && jtag_cable_name =~ "Digilent Zed 210248AA5818"} -index 0
ps7_init
ps7_post_config
targets -set -nocase -filter {name =~ "ARM*#0" && jtag_cable_name =~ "Digilent Zed 210248AA5818"} -index 0
dow /home/jay/Kanish/custom_memory/custom_memory.sdk/custom_mem_test/Debug/custom_mem_test.elf
configparams force-mem-access 0
----------------End of Script----------------

19:03:06 INFO  : Memory regions updated for context APU
19:03:07 INFO  : Launch script is exported to file '/home/jay/Kanish/custom_memory/custom_memory.sdk/.sdk/launch_scripts/xilinx_c-c++_application_(system_debugger)/system_debugger_on_local.tcl'
20:31:56 INFO  : Disconnected from the channel tcfchan#1.
