16:16:35 INFO  : Registering command handlers for SDK TCF services
16:16:36 INFO  : Launching XSCT server: xsct -n -interactive /home/jay/Kanish/pr_version_5/pr_version_5.sdk/temp_xsdb_launch_script.tcl
16:16:38 INFO  : XSCT server has started successfully.
16:16:38 INFO  : Successfully done setting XSCT server connection channel  
16:16:38 INFO  : Successfully done setting SDK workspace  
16:16:38 INFO  : Processing command line option -hwspec /home/jay/Kanish/pr_version_5/pr_version_5.sdk/design_1_wrapper.hdf.
16:23:53 INFO  : 'targets -set -filter {jtag_cable_name =~ "Digilent Zed 210248AA5818" && level==0} -index 1' command is executed.
16:23:53 INFO  : 'fpga -state' command is executed.
16:23:53 INFO  : Connected to target on host '127.0.0.1' and port '3121'.
16:23:53 INFO  : Jtag cable 'Digilent Zed 210248AA5818' is selected.
16:23:53 INFO  : 'jtag frequency' command is executed.
16:23:53 INFO  : Sourcing of '/home/jay/Kanish/pr_version_5/pr_version_5.sdk/design_1_wrapper_hw_platform_0/ps7_init.tcl' is done.
16:23:53 INFO  : Context for 'APU' is selected.
16:23:53 INFO  : Hardware design information is loaded from '/home/jay/Kanish/pr_version_5/pr_version_5.sdk/design_1_wrapper_hw_platform_0/system.hdf'.
16:23:53 INFO  : 'configparams force-mem-access 1' command is executed.
16:23:53 INFO  : Context for 'APU' is selected.
16:23:53 INFO  : 'stop' command is executed.
16:23:54 INFO  : 'ps7_init' command is executed.
16:23:54 INFO  : Context for processor 'ps7_cortexa9_0' is selected.
16:23:54 INFO  : Processor reset is completed for 'ps7_cortexa9_0'.
16:23:54 INFO  : Context for processor 'ps7_cortexa9_0' is selected.
16:23:54 INFO  : The application '/home/jay/Kanish/pr_version_5/pr_version_5.sdk/send_data/Debug/send_data.elf' is downloaded to processor 'ps7_cortexa9_0'.
16:23:54 INFO  : 'configparams force-mem-access 0' command is executed.
16:23:54 INFO  : ----------------XSDB Script----------------
connect -url tcp:127.0.0.1:3121
source /home/jay/Kanish/pr_version_5/pr_version_5.sdk/design_1_wrapper_hw_platform_0/ps7_init.tcl
targets -set -nocase -filter {name =~"APU*" && jtag_cable_name =~ "Digilent Zed 210248AA5818"} -index 0
loadhw -hw /home/jay/Kanish/pr_version_5/pr_version_5.sdk/design_1_wrapper_hw_platform_0/system.hdf -mem-ranges [list {0x40000000 0xbfffffff}]
configparams force-mem-access 1
targets -set -nocase -filter {name =~"APU*" && jtag_cable_name =~ "Digilent Zed 210248AA5818"} -index 0
stop
ps7_init
targets -set -nocase -filter {name =~ "ARM*#0" && jtag_cable_name =~ "Digilent Zed 210248AA5818"} -index 0
rst -processor
targets -set -nocase -filter {name =~ "ARM*#0" && jtag_cable_name =~ "Digilent Zed 210248AA5818"} -index 0
dow /home/jay/Kanish/pr_version_5/pr_version_5.sdk/send_data/Debug/send_data.elf
configparams force-mem-access 0
----------------End of Script----------------

16:23:54 INFO  : Memory regions updated for context APU
16:23:54 INFO  : Context for processor 'ps7_cortexa9_0' is selected.
16:23:54 INFO  : 'con' command is executed.
16:23:54 INFO  : ----------------XSDB Script (After Launch)----------------
targets -set -nocase -filter {name =~ "ARM*#0" && jtag_cable_name =~ "Digilent Zed 210248AA5818"} -index 0
con
----------------End of Script----------------

16:23:54 INFO  : Launch script is exported to file '/home/jay/Kanish/pr_version_5/pr_version_5.sdk/.sdk/launch_scripts/xilinx_c-c++_application_(system_debugger)/system_debugger_on_local.tcl'
16:24:17 INFO  : Disconnected from the channel tcfchan#1.
16:24:18 INFO  : 'targets -set -filter {jtag_cable_name =~ "Digilent Zed 210248AA5818" && level==0} -index 1' command is executed.
16:24:18 INFO  : 'fpga -state' command is executed.
16:24:18 INFO  : Connected to target on host '127.0.0.1' and port '3121'.
16:24:18 INFO  : Jtag cable 'Digilent Zed 210248AA5818' is selected.
16:24:18 INFO  : 'jtag frequency' command is executed.
16:24:18 INFO  : Sourcing of '/home/jay/Kanish/pr_version_5/pr_version_5.sdk/design_1_wrapper_hw_platform_0/ps7_init.tcl' is done.
16:24:18 INFO  : Context for 'APU' is selected.
16:24:20 INFO  : Hardware design information is loaded from '/home/jay/Kanish/pr_version_5/pr_version_5.sdk/design_1_wrapper_hw_platform_0/system.hdf'.
16:24:20 INFO  : 'configparams force-mem-access 1' command is executed.
16:24:20 INFO  : Context for 'APU' is selected.
16:24:20 INFO  : 'stop' command is executed.
16:24:23 INFO  : 'ps7_init' command is executed.
16:24:23 INFO  : Context for processor 'ps7_cortexa9_0' is selected.
16:24:24 INFO  : Processor reset is completed for 'ps7_cortexa9_0'.
16:24:24 INFO  : Context for processor 'ps7_cortexa9_0' is selected.
16:24:26 ERROR : Memory write error at 0x100000. APB AP transaction error, DAP status f0000021
16:24:26 INFO  : ----------------XSDB Script----------------
connect -url tcp:127.0.0.1:3121
source /home/jay/Kanish/pr_version_5/pr_version_5.sdk/design_1_wrapper_hw_platform_0/ps7_init.tcl
targets -set -nocase -filter {name =~"APU*" && jtag_cable_name =~ "Digilent Zed 210248AA5818"} -index 0
loadhw -hw /home/jay/Kanish/pr_version_5/pr_version_5.sdk/design_1_wrapper_hw_platform_0/system.hdf -mem-ranges [list {0x40000000 0xbfffffff}]
configparams force-mem-access 1
targets -set -nocase -filter {name =~"APU*" && jtag_cable_name =~ "Digilent Zed 210248AA5818"} -index 0
stop
ps7_init
targets -set -nocase -filter {name =~ "ARM*#0" && jtag_cable_name =~ "Digilent Zed 210248AA5818"} -index 0
rst -processor
targets -set -nocase -filter {name =~ "ARM*#0" && jtag_cable_name =~ "Digilent Zed 210248AA5818"} -index 0
dow /home/jay/Kanish/pr_version_5/pr_version_5.sdk/send_data/Debug/send_data.elf
----------------End of Script----------------

16:24:32 INFO  : 'targets -set -filter {jtag_cable_name =~ "Digilent Zed 210248AA5818" && level==0} -index 1' command is executed.
16:24:32 INFO  : 'fpga -state' command is executed.
16:24:32 INFO  : Connected to target on host '127.0.0.1' and port '3121'.
16:24:32 INFO  : Jtag cable 'Digilent Zed 210248AA5818' is selected.
16:24:32 INFO  : 'jtag frequency' command is executed.
16:24:32 INFO  : Sourcing of '/home/jay/Kanish/pr_version_5/pr_version_5.sdk/design_1_wrapper_hw_platform_0/ps7_init.tcl' is done.
16:24:32 INFO  : Context for 'APU' is selected.
16:24:32 INFO  : Hardware design information is loaded from '/home/jay/Kanish/pr_version_5/pr_version_5.sdk/design_1_wrapper_hw_platform_0/system.hdf'.
16:24:32 INFO  : 'configparams force-mem-access 1' command is executed.
16:24:32 INFO  : Context for 'APU' is selected.
16:24:32 INFO  : 'stop' command is executed.
16:24:32 ERROR : AP transaction error, DAP status f0000021
16:24:32 INFO  : ----------------XSDB Script----------------
connect -url tcp:127.0.0.1:3121
source /home/jay/Kanish/pr_version_5/pr_version_5.sdk/design_1_wrapper_hw_platform_0/ps7_init.tcl
targets -set -nocase -filter {name =~"APU*" && jtag_cable_name =~ "Digilent Zed 210248AA5818"} -index 0
loadhw -hw /home/jay/Kanish/pr_version_5/pr_version_5.sdk/design_1_wrapper_hw_platform_0/system.hdf -mem-ranges [list {0x40000000 0xbfffffff}]
configparams force-mem-access 1
targets -set -nocase -filter {name =~"APU*" && jtag_cable_name =~ "Digilent Zed 210248AA5818"} -index 0
stop
ps7_init
----------------End of Script----------------

16:25:22 INFO  : 'targets -set -filter {jtag_cable_name =~ "Digilent Zed 210248AA5818" && level==0} -index 1' command is executed.
16:25:22 INFO  : 'fpga -state' command is executed.
16:25:22 INFO  : Connected to target on host '127.0.0.1' and port '3121'.
16:25:22 INFO  : Jtag cable 'Digilent Zed 210248AA5818' is selected.
16:25:22 INFO  : 'jtag frequency' command is executed.
16:25:22 INFO  : Sourcing of '/home/jay/Kanish/pr_version_5/pr_version_5.sdk/design_1_wrapper_hw_platform_0/ps7_init.tcl' is done.
16:25:22 INFO  : Context for 'APU' is selected.
16:25:22 INFO  : Hardware design information is loaded from '/home/jay/Kanish/pr_version_5/pr_version_5.sdk/design_1_wrapper_hw_platform_0/system.hdf'.
16:25:22 INFO  : 'configparams force-mem-access 1' command is executed.
16:25:22 INFO  : Context for 'APU' is selected.
16:25:22 INFO  : 'stop' command is executed.
16:25:23 INFO  : 'ps7_init' command is executed.
16:25:23 INFO  : Context for processor 'ps7_cortexa9_0' is selected.
16:25:23 INFO  : Processor reset is completed for 'ps7_cortexa9_0'.
16:25:23 INFO  : Context for processor 'ps7_cortexa9_0' is selected.
16:25:23 INFO  : The application '/home/jay/Kanish/pr_version_5/pr_version_5.sdk/send_data/Debug/send_data.elf' is downloaded to processor 'ps7_cortexa9_0'.
16:25:23 INFO  : 'configparams force-mem-access 0' command is executed.
16:25:23 INFO  : ----------------XSDB Script----------------
connect -url tcp:127.0.0.1:3121
source /home/jay/Kanish/pr_version_5/pr_version_5.sdk/design_1_wrapper_hw_platform_0/ps7_init.tcl
targets -set -nocase -filter {name =~"APU*" && jtag_cable_name =~ "Digilent Zed 210248AA5818"} -index 0
loadhw -hw /home/jay/Kanish/pr_version_5/pr_version_5.sdk/design_1_wrapper_hw_platform_0/system.hdf -mem-ranges [list {0x40000000 0xbfffffff}]
configparams force-mem-access 1
targets -set -nocase -filter {name =~"APU*" && jtag_cable_name =~ "Digilent Zed 210248AA5818"} -index 0
stop
ps7_init
targets -set -nocase -filter {name =~ "ARM*#0" && jtag_cable_name =~ "Digilent Zed 210248AA5818"} -index 0
rst -processor
targets -set -nocase -filter {name =~ "ARM*#0" && jtag_cable_name =~ "Digilent Zed 210248AA5818"} -index 0
dow /home/jay/Kanish/pr_version_5/pr_version_5.sdk/send_data/Debug/send_data.elf
configparams force-mem-access 0
----------------End of Script----------------

16:25:23 INFO  : Memory regions updated for context APU
16:25:23 INFO  : Context for processor 'ps7_cortexa9_0' is selected.
16:25:23 INFO  : 'con' command is executed.
16:25:23 INFO  : ----------------XSDB Script (After Launch)----------------
targets -set -nocase -filter {name =~ "ARM*#0" && jtag_cable_name =~ "Digilent Zed 210248AA5818"} -index 0
con
----------------End of Script----------------

16:25:23 INFO  : Launch script is exported to file '/home/jay/Kanish/pr_version_5/pr_version_5.sdk/.sdk/launch_scripts/xilinx_c-c++_application_(system_debugger)/system_debugger_on_local.tcl'
16:25:44 INFO  : Disconnected from the channel tcfchan#2.
16:25:45 INFO  : 'targets -set -filter {jtag_cable_name =~ "Digilent Zed 210248AA5818" && level==0} -index 1' command is executed.
16:25:45 INFO  : 'fpga -state' command is executed.
16:25:45 INFO  : Connected to target on host '127.0.0.1' and port '3121'.
16:25:45 INFO  : Jtag cable 'Digilent Zed 210248AA5818' is selected.
16:25:45 INFO  : 'jtag frequency' command is executed.
16:25:45 INFO  : Sourcing of '/home/jay/Kanish/pr_version_5/pr_version_5.sdk/design_1_wrapper_hw_platform_0/ps7_init.tcl' is done.
16:25:45 INFO  : Context for 'APU' is selected.
16:25:47 INFO  : Hardware design information is loaded from '/home/jay/Kanish/pr_version_5/pr_version_5.sdk/design_1_wrapper_hw_platform_0/system.hdf'.
16:25:47 INFO  : 'configparams force-mem-access 1' command is executed.
16:25:47 INFO  : Context for 'APU' is selected.
16:25:47 INFO  : 'stop' command is executed.
16:25:50 INFO  : 'ps7_init' command is executed.
16:25:50 INFO  : Context for processor 'ps7_cortexa9_0' is selected.
16:25:50 INFO  : Processor reset is completed for 'ps7_cortexa9_0'.
16:25:50 INFO  : Context for processor 'ps7_cortexa9_0' is selected.
16:25:52 ERROR : Memory write error at 0x100000. APB AP transaction error, DAP status f0000021
16:25:52 INFO  : ----------------XSDB Script----------------
connect -url tcp:127.0.0.1:3121
source /home/jay/Kanish/pr_version_5/pr_version_5.sdk/design_1_wrapper_hw_platform_0/ps7_init.tcl
targets -set -nocase -filter {name =~"APU*" && jtag_cable_name =~ "Digilent Zed 210248AA5818"} -index 0
loadhw -hw /home/jay/Kanish/pr_version_5/pr_version_5.sdk/design_1_wrapper_hw_platform_0/system.hdf -mem-ranges [list {0x40000000 0xbfffffff}]
configparams force-mem-access 1
targets -set -nocase -filter {name =~"APU*" && jtag_cable_name =~ "Digilent Zed 210248AA5818"} -index 0
stop
ps7_init
targets -set -nocase -filter {name =~ "ARM*#0" && jtag_cable_name =~ "Digilent Zed 210248AA5818"} -index 0
rst -processor
targets -set -nocase -filter {name =~ "ARM*#0" && jtag_cable_name =~ "Digilent Zed 210248AA5818"} -index 0
dow /home/jay/Kanish/pr_version_5/pr_version_5.sdk/send_data/Debug/send_data.elf
----------------End of Script----------------

16:26:12 INFO  : 'targets -set -filter {jtag_cable_name =~ "Digilent Zed 210248AA5818" && level==0} -index 1' command is executed.
16:26:12 INFO  : 'fpga -state' command is executed.
16:26:12 INFO  : Connected to target on host '127.0.0.1' and port '3121'.
16:26:12 INFO  : Jtag cable 'Digilent Zed 210248AA5818' is selected.
16:26:12 INFO  : 'jtag frequency' command is executed.
16:26:12 INFO  : Sourcing of '/home/jay/Kanish/pr_version_5/pr_version_5.sdk/design_1_wrapper_hw_platform_0/ps7_init.tcl' is done.
16:26:12 INFO  : Context for 'APU' is selected.
16:26:12 INFO  : Hardware design information is loaded from '/home/jay/Kanish/pr_version_5/pr_version_5.sdk/design_1_wrapper_hw_platform_0/system.hdf'.
16:26:12 INFO  : 'configparams force-mem-access 1' command is executed.
16:26:12 INFO  : Context for 'APU' is selected.
16:26:12 INFO  : 'stop' command is executed.
16:26:12 ERROR : AP transaction error, DAP status f0000021
16:26:12 INFO  : ----------------XSDB Script----------------
connect -url tcp:127.0.0.1:3121
source /home/jay/Kanish/pr_version_5/pr_version_5.sdk/design_1_wrapper_hw_platform_0/ps7_init.tcl
targets -set -nocase -filter {name =~"APU*" && jtag_cable_name =~ "Digilent Zed 210248AA5818"} -index 0
loadhw -hw /home/jay/Kanish/pr_version_5/pr_version_5.sdk/design_1_wrapper_hw_platform_0/system.hdf -mem-ranges [list {0x40000000 0xbfffffff}]
configparams force-mem-access 1
targets -set -nocase -filter {name =~"APU*" && jtag_cable_name =~ "Digilent Zed 210248AA5818"} -index 0
stop
ps7_init
----------------End of Script----------------

16:26:23 INFO  : 'targets -set -filter {jtag_cable_name =~ "Digilent Zed 210248AA5818" && level==0} -index 1' command is executed.
16:26:23 INFO  : 'fpga -state' command is executed.
16:26:23 INFO  : Connected to target on host '127.0.0.1' and port '3121'.
16:26:23 INFO  : Jtag cable 'Digilent Zed 210248AA5818' is selected.
16:26:23 INFO  : 'jtag frequency' command is executed.
16:26:23 INFO  : Sourcing of '/home/jay/Kanish/pr_version_5/pr_version_5.sdk/design_1_wrapper_hw_platform_0/ps7_init.tcl' is done.
16:26:23 INFO  : Context for 'APU' is selected.
16:26:23 INFO  : Hardware design information is loaded from '/home/jay/Kanish/pr_version_5/pr_version_5.sdk/design_1_wrapper_hw_platform_0/system.hdf'.
16:26:23 INFO  : 'configparams force-mem-access 1' command is executed.
16:26:23 INFO  : Context for 'APU' is selected.
16:26:23 INFO  : 'stop' command is executed.
16:26:23 ERROR : AP transaction error, DAP status f0000021
16:26:23 INFO  : ----------------XSDB Script----------------
connect -url tcp:127.0.0.1:3121
source /home/jay/Kanish/pr_version_5/pr_version_5.sdk/design_1_wrapper_hw_platform_0/ps7_init.tcl
targets -set -nocase -filter {name =~"APU*" && jtag_cable_name =~ "Digilent Zed 210248AA5818"} -index 0
loadhw -hw /home/jay/Kanish/pr_version_5/pr_version_5.sdk/design_1_wrapper_hw_platform_0/system.hdf -mem-ranges [list {0x40000000 0xbfffffff}]
configparams force-mem-access 1
targets -set -nocase -filter {name =~"APU*" && jtag_cable_name =~ "Digilent Zed 210248AA5818"} -index 0
stop
ps7_init
----------------End of Script----------------

16:27:00 INFO  : 'targets -set -filter {jtag_cable_name =~ "Digilent Zed 210248AA5818" && level==0} -index 1' command is executed.
16:27:00 INFO  : 'fpga -state' command is executed.
16:27:00 INFO  : Connected to target on host '127.0.0.1' and port '3121'.
16:27:00 INFO  : Jtag cable 'Digilent Zed 210248AA5818' is selected.
16:27:00 INFO  : 'jtag frequency' command is executed.
16:27:00 INFO  : Sourcing of '/home/jay/Kanish/pr_version_5/pr_version_5.sdk/design_1_wrapper_hw_platform_0/ps7_init.tcl' is done.
16:27:00 INFO  : Context for 'APU' is selected.
16:27:00 ERROR : AP transaction error, DAP status f0000021
16:27:00 INFO  : ----------------XSDB Script----------------
connect -url tcp:127.0.0.1:3121
source /home/jay/Kanish/pr_version_5/pr_version_5.sdk/design_1_wrapper_hw_platform_0/ps7_init.tcl
targets -set -nocase -filter {name =~"APU*" && jtag_cable_name =~ "Digilent Zed 210248AA5818"} -index 0
rst -system
after 3000
----------------End of Script----------------

16:27:03 INFO  : 'targets -set -filter {jtag_cable_name =~ "Digilent Zed 210248AA5818" && level==0} -index 1' command is executed.
16:27:03 INFO  : 'fpga -state' command is executed.
16:27:03 INFO  : Connected to target on host '127.0.0.1' and port '3121'.
16:27:03 INFO  : Jtag cable 'Digilent Zed 210248AA5818' is selected.
16:27:03 INFO  : 'jtag frequency' command is executed.
16:27:03 INFO  : Sourcing of '/home/jay/Kanish/pr_version_5/pr_version_5.sdk/design_1_wrapper_hw_platform_0/ps7_init.tcl' is done.
16:27:03 INFO  : Context for 'APU' is selected.
16:27:03 ERROR : AP transaction error, DAP status f0000021
16:27:03 INFO  : ----------------XSDB Script----------------
connect -url tcp:127.0.0.1:3121
source /home/jay/Kanish/pr_version_5/pr_version_5.sdk/design_1_wrapper_hw_platform_0/ps7_init.tcl
targets -set -nocase -filter {name =~"APU*" && jtag_cable_name =~ "Digilent Zed 210248AA5818"} -index 0
rst -system
after 3000
----------------End of Script----------------

16:27:07 INFO  : 'targets -set -filter {jtag_cable_name =~ "Digilent Zed 210248AA5818" && level==0} -index 1' command is executed.
16:27:07 INFO  : 'fpga -state' command is executed.
16:27:08 INFO  : Connected to target on host '127.0.0.1' and port '3121'.
16:27:09 INFO  : Jtag cable 'Digilent Zed 210248AA5818' is selected.
16:27:09 INFO  : 'jtag frequency' command is executed.
16:27:09 INFO  : Sourcing of '/home/jay/Kanish/pr_version_5/pr_version_5.sdk/design_1_wrapper_hw_platform_0/ps7_init.tcl' is done.
16:27:09 INFO  : Context for 'APU' is selected.
16:27:09 INFO  : System reset is completed.
16:27:12 INFO  : 'after 3000' command is executed.
16:27:12 INFO  : Context for 'APU' is selected.
16:27:12 INFO  : Hardware design information is loaded from '/home/jay/Kanish/pr_version_5/pr_version_5.sdk/design_1_wrapper_hw_platform_0/system.hdf'.
16:27:12 INFO  : 'configparams force-mem-access 1' command is executed.
16:27:12 INFO  : Context for 'APU' is selected.
16:27:12 INFO  : 'ps7_init' command is executed.
16:27:12 INFO  : 'ps7_post_config' command is executed.
16:27:12 INFO  : Context for processor 'ps7_cortexa9_0' is selected.
16:27:13 INFO  : The application '/home/jay/Kanish/pr_version_5/pr_version_5.sdk/send_data/Debug/send_data.elf' is downloaded to processor 'ps7_cortexa9_0'.
16:27:13 INFO  : 'configparams force-mem-access 0' command is executed.
16:27:13 INFO  : ----------------XSDB Script----------------
connect -url tcp:127.0.0.1:3121
source /home/jay/Kanish/pr_version_5/pr_version_5.sdk/design_1_wrapper_hw_platform_0/ps7_init.tcl
targets -set -nocase -filter {name =~"APU*" && jtag_cable_name =~ "Digilent Zed 210248AA5818"} -index 0
rst -system
after 3000
targets -set -nocase -filter {name =~"APU*" && jtag_cable_name =~ "Digilent Zed 210248AA5818"} -index 0
loadhw -hw /home/jay/Kanish/pr_version_5/pr_version_5.sdk/design_1_wrapper_hw_platform_0/system.hdf -mem-ranges [list {0x40000000 0xbfffffff}]
configparams force-mem-access 1
targets -set -nocase -filter {name =~"APU*" && jtag_cable_name =~ "Digilent Zed 210248AA5818"} -index 0
ps7_init
ps7_post_config
targets -set -nocase -filter {name =~ "ARM*#0" && jtag_cable_name =~ "Digilent Zed 210248AA5818"} -index 0
dow /home/jay/Kanish/pr_version_5/pr_version_5.sdk/send_data/Debug/send_data.elf
configparams force-mem-access 0
----------------End of Script----------------

16:27:13 INFO  : Memory regions updated for context APU
16:27:13 INFO  : Launch script is exported to file '/home/jay/Kanish/pr_version_5/pr_version_5.sdk/.sdk/launch_scripts/xilinx_c-c++_application_(system_debugger)/system_debugger_on_local.tcl'
16:27:54 INFO  : Disconnected from the channel tcfchan#3.
16:27:55 INFO  : 'targets -set -filter {jtag_cable_name =~ "Digilent Zed 210248AA5818" && level==0} -index 1' command is executed.
16:27:55 INFO  : 'fpga -state' command is executed.
16:27:55 INFO  : Connected to target on host '127.0.0.1' and port '3121'.
16:27:56 INFO  : Jtag cable 'Digilent Zed 210248AA5818' is selected.
16:27:56 INFO  : 'jtag frequency' command is executed.
16:27:56 INFO  : Sourcing of '/home/jay/Kanish/pr_version_5/pr_version_5.sdk/design_1_wrapper_hw_platform_0/ps7_init.tcl' is done.
16:27:56 INFO  : Context for 'APU' is selected.
16:27:58 INFO  : Hardware design information is loaded from '/home/jay/Kanish/pr_version_5/pr_version_5.sdk/design_1_wrapper_hw_platform_0/system.hdf'.
16:27:58 INFO  : 'configparams force-mem-access 1' command is executed.
16:27:58 INFO  : Context for 'APU' is selected.
16:27:58 INFO  : 'stop' command is executed.
16:27:58 INFO  : 'ps7_init' command is executed.
16:27:58 INFO  : 'ps7_post_config' command is executed.
16:27:58 INFO  : Context for processor 'ps7_cortexa9_0' is selected.
16:27:58 INFO  : Processor reset is completed for 'ps7_cortexa9_0'.
16:27:58 INFO  : Context for processor 'ps7_cortexa9_0' is selected.
16:27:58 INFO  : The application '/home/jay/Kanish/pr_version_5/pr_version_5.sdk/send_data/Debug/send_data.elf' is downloaded to processor 'ps7_cortexa9_0'.
16:27:58 INFO  : 'configparams force-mem-access 0' command is executed.
16:27:58 INFO  : ----------------XSDB Script----------------
connect -url tcp:127.0.0.1:3121
source /home/jay/Kanish/pr_version_5/pr_version_5.sdk/design_1_wrapper_hw_platform_0/ps7_init.tcl
targets -set -nocase -filter {name =~"APU*" && jtag_cable_name =~ "Digilent Zed 210248AA5818"} -index 0
loadhw -hw /home/jay/Kanish/pr_version_5/pr_version_5.sdk/design_1_wrapper_hw_platform_0/system.hdf -mem-ranges [list {0x40000000 0xbfffffff}]
configparams force-mem-access 1
targets -set -nocase -filter {name =~"APU*" && jtag_cable_name =~ "Digilent Zed 210248AA5818"} -index 0
stop
ps7_init
ps7_post_config
targets -set -nocase -filter {name =~ "ARM*#0" && jtag_cable_name =~ "Digilent Zed 210248AA5818"} -index 0
rst -processor
targets -set -nocase -filter {name =~ "ARM*#0" && jtag_cable_name =~ "Digilent Zed 210248AA5818"} -index 0
dow /home/jay/Kanish/pr_version_5/pr_version_5.sdk/send_data/Debug/send_data.elf
configparams force-mem-access 0
----------------End of Script----------------

16:27:58 INFO  : Memory regions updated for context APU
16:27:58 INFO  : Launch script is exported to file '/home/jay/Kanish/pr_version_5/pr_version_5.sdk/.sdk/launch_scripts/xilinx_c-c++_application_(system_debugger)/system_debugger_on_local.tcl'
16:28:12 INFO  : Disconnected from the channel tcfchan#4.
16:28:13 INFO  : 'targets -set -filter {jtag_cable_name =~ "Digilent Zed 210248AA5818" && level==0} -index 1' command is executed.
16:28:13 INFO  : 'fpga -state' command is executed.
16:28:13 INFO  : Connected to target on host '127.0.0.1' and port '3121'.
16:28:13 INFO  : Jtag cable 'Digilent Zed 210248AA5818' is selected.
16:28:13 INFO  : 'jtag frequency' command is executed.
16:28:13 INFO  : Sourcing of '/home/jay/Kanish/pr_version_5/pr_version_5.sdk/design_1_wrapper_hw_platform_0/ps7_init.tcl' is done.
16:28:13 INFO  : Context for 'APU' is selected.
16:28:15 INFO  : Hardware design information is loaded from '/home/jay/Kanish/pr_version_5/pr_version_5.sdk/design_1_wrapper_hw_platform_0/system.hdf'.
16:28:15 INFO  : 'configparams force-mem-access 1' command is executed.
16:28:15 INFO  : Context for 'APU' is selected.
16:28:15 INFO  : 'stop' command is executed.
16:28:16 INFO  : 'ps7_init' command is executed.
16:28:16 INFO  : 'ps7_post_config' command is executed.
16:28:16 INFO  : Context for processor 'ps7_cortexa9_0' is selected.
16:28:16 INFO  : Processor reset is completed for 'ps7_cortexa9_0'.
16:28:16 INFO  : Context for processor 'ps7_cortexa9_0' is selected.
16:28:16 INFO  : The application '/home/jay/Kanish/pr_version_5/pr_version_5.sdk/send_data/Debug/send_data.elf' is downloaded to processor 'ps7_cortexa9_0'.
16:28:16 INFO  : 'configparams force-mem-access 0' command is executed.
16:28:16 INFO  : ----------------XSDB Script----------------
connect -url tcp:127.0.0.1:3121
source /home/jay/Kanish/pr_version_5/pr_version_5.sdk/design_1_wrapper_hw_platform_0/ps7_init.tcl
targets -set -nocase -filter {name =~"APU*" && jtag_cable_name =~ "Digilent Zed 210248AA5818"} -index 0
loadhw -hw /home/jay/Kanish/pr_version_5/pr_version_5.sdk/design_1_wrapper_hw_platform_0/system.hdf -mem-ranges [list {0x40000000 0xbfffffff}]
configparams force-mem-access 1
targets -set -nocase -filter {name =~"APU*" && jtag_cable_name =~ "Digilent Zed 210248AA5818"} -index 0
stop
ps7_init
ps7_post_config
targets -set -nocase -filter {name =~ "ARM*#0" && jtag_cable_name =~ "Digilent Zed 210248AA5818"} -index 0
rst -processor
targets -set -nocase -filter {name =~ "ARM*#0" && jtag_cable_name =~ "Digilent Zed 210248AA5818"} -index 0
dow /home/jay/Kanish/pr_version_5/pr_version_5.sdk/send_data/Debug/send_data.elf
configparams force-mem-access 0
----------------End of Script----------------

16:28:16 INFO  : Memory regions updated for context APU
16:28:16 INFO  : Launch script is exported to file '/home/jay/Kanish/pr_version_5/pr_version_5.sdk/.sdk/launch_scripts/xilinx_c-c++_application_(system_debugger)/system_debugger_on_local.tcl'
16:29:03 INFO  : Disconnected from the channel tcfchan#5.
16:29:04 INFO  : 'targets -set -filter {jtag_cable_name =~ "Digilent Zed 210248AA5818" && level==0} -index 1' command is executed.
16:29:04 INFO  : 'fpga -state' command is executed.
16:29:04 INFO  : Connected to target on host '127.0.0.1' and port '3121'.
16:29:04 INFO  : Jtag cable 'Digilent Zed 210248AA5818' is selected.
16:29:04 INFO  : 'jtag frequency' command is executed.
16:29:04 INFO  : Sourcing of '/home/jay/Kanish/pr_version_5/pr_version_5.sdk/design_1_wrapper_hw_platform_0/ps7_init.tcl' is done.
16:29:04 INFO  : Context for 'APU' is selected.
16:29:06 INFO  : Hardware design information is loaded from '/home/jay/Kanish/pr_version_5/pr_version_5.sdk/design_1_wrapper_hw_platform_0/system.hdf'.
16:29:06 INFO  : 'configparams force-mem-access 1' command is executed.
16:29:06 INFO  : Context for 'APU' is selected.
16:29:06 INFO  : 'stop' command is executed.
16:29:06 INFO  : 'ps7_init' command is executed.
16:29:06 INFO  : 'ps7_post_config' command is executed.
16:29:06 INFO  : Context for processor 'ps7_cortexa9_0' is selected.
16:29:06 INFO  : Processor reset is completed for 'ps7_cortexa9_0'.
16:29:06 INFO  : Context for processor 'ps7_cortexa9_0' is selected.
16:29:06 INFO  : The application '/home/jay/Kanish/pr_version_5/pr_version_5.sdk/send_data/Debug/send_data.elf' is downloaded to processor 'ps7_cortexa9_0'.
16:29:06 INFO  : 'configparams force-mem-access 0' command is executed.
16:29:06 INFO  : ----------------XSDB Script----------------
connect -url tcp:127.0.0.1:3121
source /home/jay/Kanish/pr_version_5/pr_version_5.sdk/design_1_wrapper_hw_platform_0/ps7_init.tcl
targets -set -nocase -filter {name =~"APU*" && jtag_cable_name =~ "Digilent Zed 210248AA5818"} -index 0
loadhw -hw /home/jay/Kanish/pr_version_5/pr_version_5.sdk/design_1_wrapper_hw_platform_0/system.hdf -mem-ranges [list {0x40000000 0xbfffffff}]
configparams force-mem-access 1
targets -set -nocase -filter {name =~"APU*" && jtag_cable_name =~ "Digilent Zed 210248AA5818"} -index 0
stop
ps7_init
ps7_post_config
targets -set -nocase -filter {name =~ "ARM*#0" && jtag_cable_name =~ "Digilent Zed 210248AA5818"} -index 0
rst -processor
targets -set -nocase -filter {name =~ "ARM*#0" && jtag_cable_name =~ "Digilent Zed 210248AA5818"} -index 0
dow /home/jay/Kanish/pr_version_5/pr_version_5.sdk/send_data/Debug/send_data.elf
configparams force-mem-access 0
----------------End of Script----------------

16:29:06 INFO  : Memory regions updated for context APU
16:29:06 INFO  : Launch script is exported to file '/home/jay/Kanish/pr_version_5/pr_version_5.sdk/.sdk/launch_scripts/xilinx_c-c++_application_(system_debugger)/system_debugger_on_local.tcl'
16:29:32 INFO  : Disconnected from the channel tcfchan#6.
16:29:33 INFO  : 'targets -set -filter {jtag_cable_name =~ "Digilent Zed 210248AA5818" && level==0} -index 1' command is executed.
16:29:33 INFO  : 'fpga -state' command is executed.
16:29:33 INFO  : Connected to target on host '127.0.0.1' and port '3121'.
16:29:33 INFO  : Jtag cable 'Digilent Zed 210248AA5818' is selected.
16:29:33 INFO  : 'jtag frequency' command is executed.
16:29:33 INFO  : Sourcing of '/home/jay/Kanish/pr_version_5/pr_version_5.sdk/design_1_wrapper_hw_platform_0/ps7_init.tcl' is done.
16:29:33 INFO  : Context for 'APU' is selected.
16:29:35 INFO  : Hardware design information is loaded from '/home/jay/Kanish/pr_version_5/pr_version_5.sdk/design_1_wrapper_hw_platform_0/system.hdf'.
16:29:35 INFO  : 'configparams force-mem-access 1' command is executed.
16:29:35 INFO  : Context for 'APU' is selected.
16:29:35 INFO  : 'stop' command is executed.
16:29:36 INFO  : 'ps7_init' command is executed.
16:29:36 INFO  : 'ps7_post_config' command is executed.
16:29:36 INFO  : Context for processor 'ps7_cortexa9_0' is selected.
16:29:36 INFO  : Processor reset is completed for 'ps7_cortexa9_0'.
16:29:36 INFO  : Context for processor 'ps7_cortexa9_0' is selected.
16:29:36 INFO  : The application '/home/jay/Kanish/pr_version_5/pr_version_5.sdk/send_data/Debug/send_data.elf' is downloaded to processor 'ps7_cortexa9_0'.
16:29:36 INFO  : 'configparams force-mem-access 0' command is executed.
16:29:36 INFO  : ----------------XSDB Script----------------
connect -url tcp:127.0.0.1:3121
source /home/jay/Kanish/pr_version_5/pr_version_5.sdk/design_1_wrapper_hw_platform_0/ps7_init.tcl
targets -set -nocase -filter {name =~"APU*" && jtag_cable_name =~ "Digilent Zed 210248AA5818"} -index 0
loadhw -hw /home/jay/Kanish/pr_version_5/pr_version_5.sdk/design_1_wrapper_hw_platform_0/system.hdf -mem-ranges [list {0x40000000 0xbfffffff}]
configparams force-mem-access 1
targets -set -nocase -filter {name =~"APU*" && jtag_cable_name =~ "Digilent Zed 210248AA5818"} -index 0
stop
ps7_init
ps7_post_config
targets -set -nocase -filter {name =~ "ARM*#0" && jtag_cable_name =~ "Digilent Zed 210248AA5818"} -index 0
rst -processor
targets -set -nocase -filter {name =~ "ARM*#0" && jtag_cable_name =~ "Digilent Zed 210248AA5818"} -index 0
dow /home/jay/Kanish/pr_version_5/pr_version_5.sdk/send_data/Debug/send_data.elf
configparams force-mem-access 0
----------------End of Script----------------

16:29:36 INFO  : Memory regions updated for context APU
16:29:36 INFO  : Launch script is exported to file '/home/jay/Kanish/pr_version_5/pr_version_5.sdk/.sdk/launch_scripts/xilinx_c-c++_application_(system_debugger)/system_debugger_on_local.tcl'
16:30:56 INFO  : Disconnected from the channel tcfchan#7.
16:30:57 INFO  : 'targets -set -filter {jtag_cable_name =~ "Digilent Zed 210248AA5818" && level==0} -index 1' command is executed.
16:30:57 INFO  : 'fpga -state' command is executed.
16:30:57 INFO  : Connected to target on host '127.0.0.1' and port '3121'.
16:30:57 INFO  : Jtag cable 'Digilent Zed 210248AA5818' is selected.
16:30:57 INFO  : 'jtag frequency' command is executed.
16:30:57 INFO  : Sourcing of '/home/jay/Kanish/pr_version_5/pr_version_5.sdk/design_1_wrapper_hw_platform_0/ps7_init.tcl' is done.
16:30:57 INFO  : Context for 'APU' is selected.
16:30:59 INFO  : Hardware design information is loaded from '/home/jay/Kanish/pr_version_5/pr_version_5.sdk/design_1_wrapper_hw_platform_0/system.hdf'.
16:30:59 INFO  : 'configparams force-mem-access 1' command is executed.
16:30:59 INFO  : Context for 'APU' is selected.
16:30:59 INFO  : 'stop' command is executed.
16:31:00 INFO  : 'ps7_init' command is executed.
16:31:00 INFO  : 'ps7_post_config' command is executed.
16:31:00 INFO  : Context for processor 'ps7_cortexa9_0' is selected.
16:31:00 INFO  : Processor reset is completed for 'ps7_cortexa9_0'.
16:31:00 INFO  : Context for processor 'ps7_cortexa9_0' is selected.
16:31:00 INFO  : The application '/home/jay/Kanish/pr_version_5/pr_version_5.sdk/send_data/Debug/send_data.elf' is downloaded to processor 'ps7_cortexa9_0'.
16:31:00 INFO  : 'configparams force-mem-access 0' command is executed.
16:31:00 INFO  : ----------------XSDB Script----------------
connect -url tcp:127.0.0.1:3121
source /home/jay/Kanish/pr_version_5/pr_version_5.sdk/design_1_wrapper_hw_platform_0/ps7_init.tcl
targets -set -nocase -filter {name =~"APU*" && jtag_cable_name =~ "Digilent Zed 210248AA5818"} -index 0
loadhw -hw /home/jay/Kanish/pr_version_5/pr_version_5.sdk/design_1_wrapper_hw_platform_0/system.hdf -mem-ranges [list {0x40000000 0xbfffffff}]
configparams force-mem-access 1
targets -set -nocase -filter {name =~"APU*" && jtag_cable_name =~ "Digilent Zed 210248AA5818"} -index 0
stop
ps7_init
ps7_post_config
targets -set -nocase -filter {name =~ "ARM*#0" && jtag_cable_name =~ "Digilent Zed 210248AA5818"} -index 0
rst -processor
targets -set -nocase -filter {name =~ "ARM*#0" && jtag_cable_name =~ "Digilent Zed 210248AA5818"} -index 0
dow /home/jay/Kanish/pr_version_5/pr_version_5.sdk/send_data/Debug/send_data.elf
configparams force-mem-access 0
----------------End of Script----------------

16:31:00 INFO  : Memory regions updated for context APU
16:31:00 INFO  : Context for processor 'ps7_cortexa9_0' is selected.
16:31:00 INFO  : 'con' command is executed.
16:31:00 INFO  : ----------------XSDB Script (After Launch)----------------
targets -set -nocase -filter {name =~ "ARM*#0" && jtag_cable_name =~ "Digilent Zed 210248AA5818"} -index 0
con
----------------End of Script----------------

16:31:00 INFO  : Launch script is exported to file '/home/jay/Kanish/pr_version_5/pr_version_5.sdk/.sdk/launch_scripts/xilinx_c-c++_application_(system_debugger)/system_debugger_on_local.tcl'
16:31:07 INFO  : Disconnected from the channel tcfchan#8.
16:31:08 INFO  : 'targets -set -filter {jtag_cable_name =~ "Digilent Zed 210248AA5818" && level==0} -index 1' command is executed.
16:31:08 INFO  : 'fpga -state' command is executed.
16:31:08 INFO  : Connected to target on host '127.0.0.1' and port '3121'.
16:31:08 INFO  : Jtag cable 'Digilent Zed 210248AA5818' is selected.
16:31:08 INFO  : 'jtag frequency' command is executed.
16:31:08 INFO  : Sourcing of '/home/jay/Kanish/pr_version_5/pr_version_5.sdk/design_1_wrapper_hw_platform_0/ps7_init.tcl' is done.
16:31:08 INFO  : Context for 'APU' is selected.
16:31:10 INFO  : Hardware design information is loaded from '/home/jay/Kanish/pr_version_5/pr_version_5.sdk/design_1_wrapper_hw_platform_0/system.hdf'.
16:31:10 INFO  : 'configparams force-mem-access 1' command is executed.
16:31:10 INFO  : Context for 'APU' is selected.
16:31:10 INFO  : 'stop' command is executed.
16:31:11 INFO  : 'ps7_init' command is executed.
16:31:11 INFO  : 'ps7_post_config' command is executed.
16:31:11 INFO  : Context for processor 'ps7_cortexa9_0' is selected.
16:31:11 INFO  : Processor reset is completed for 'ps7_cortexa9_0'.
16:31:11 INFO  : Context for processor 'ps7_cortexa9_0' is selected.
16:31:11 INFO  : The application '/home/jay/Kanish/pr_version_5/pr_version_5.sdk/send_data/Debug/send_data.elf' is downloaded to processor 'ps7_cortexa9_0'.
16:31:11 INFO  : 'configparams force-mem-access 0' command is executed.
16:31:11 INFO  : ----------------XSDB Script----------------
connect -url tcp:127.0.0.1:3121
source /home/jay/Kanish/pr_version_5/pr_version_5.sdk/design_1_wrapper_hw_platform_0/ps7_init.tcl
targets -set -nocase -filter {name =~"APU*" && jtag_cable_name =~ "Digilent Zed 210248AA5818"} -index 0
loadhw -hw /home/jay/Kanish/pr_version_5/pr_version_5.sdk/design_1_wrapper_hw_platform_0/system.hdf -mem-ranges [list {0x40000000 0xbfffffff}]
configparams force-mem-access 1
targets -set -nocase -filter {name =~"APU*" && jtag_cable_name =~ "Digilent Zed 210248AA5818"} -index 0
stop
ps7_init
ps7_post_config
targets -set -nocase -filter {name =~ "ARM*#0" && jtag_cable_name =~ "Digilent Zed 210248AA5818"} -index 0
rst -processor
targets -set -nocase -filter {name =~ "ARM*#0" && jtag_cable_name =~ "Digilent Zed 210248AA5818"} -index 0
dow /home/jay/Kanish/pr_version_5/pr_version_5.sdk/send_data/Debug/send_data.elf
configparams force-mem-access 0
----------------End of Script----------------

16:31:11 INFO  : Memory regions updated for context APU
16:31:11 INFO  : Context for processor 'ps7_cortexa9_0' is selected.
16:31:11 INFO  : 'con' command is executed.
16:31:11 INFO  : ----------------XSDB Script (After Launch)----------------
targets -set -nocase -filter {name =~ "ARM*#0" && jtag_cable_name =~ "Digilent Zed 210248AA5818"} -index 0
con
----------------End of Script----------------

16:31:11 INFO  : Launch script is exported to file '/home/jay/Kanish/pr_version_5/pr_version_5.sdk/.sdk/launch_scripts/xilinx_c-c++_application_(system_debugger)/system_debugger_on_local.tcl'
16:31:33 INFO  : Disconnected from the channel tcfchan#9.
16:31:34 INFO  : 'targets -set -filter {jtag_cable_name =~ "Digilent Zed 210248AA5818" && level==0} -index 1' command is executed.
16:31:34 INFO  : 'fpga -state' command is executed.
16:31:34 INFO  : Connected to target on host '127.0.0.1' and port '3121'.
16:31:35 INFO  : Jtag cable 'Digilent Zed 210248AA5818' is selected.
16:31:35 INFO  : 'jtag frequency' command is executed.
16:31:35 INFO  : Sourcing of '/home/jay/Kanish/pr_version_5/pr_version_5.sdk/design_1_wrapper_hw_platform_0/ps7_init.tcl' is done.
16:31:35 INFO  : Context for 'APU' is selected.
16:31:35 INFO  : System reset is completed.
16:31:38 INFO  : 'after 3000' command is executed.
16:31:38 INFO  : Context for 'APU' is selected.
16:31:40 INFO  : Hardware design information is loaded from '/home/jay/Kanish/pr_version_5/pr_version_5.sdk/design_1_wrapper_hw_platform_0/system.hdf'.
16:31:40 INFO  : 'configparams force-mem-access 1' command is executed.
16:31:40 INFO  : Context for 'APU' is selected.
16:31:40 INFO  : 'ps7_init' command is executed.
16:31:40 INFO  : 'ps7_post_config' command is executed.
16:31:40 INFO  : Context for processor 'ps7_cortexa9_0' is selected.
16:31:40 INFO  : The application '/home/jay/Kanish/pr_version_5/pr_version_5.sdk/send_data/Debug/send_data.elf' is downloaded to processor 'ps7_cortexa9_0'.
16:31:40 INFO  : 'configparams force-mem-access 0' command is executed.
16:31:40 INFO  : ----------------XSDB Script----------------
connect -url tcp:127.0.0.1:3121
source /home/jay/Kanish/pr_version_5/pr_version_5.sdk/design_1_wrapper_hw_platform_0/ps7_init.tcl
targets -set -nocase -filter {name =~"APU*" && jtag_cable_name =~ "Digilent Zed 210248AA5818"} -index 0
rst -system
after 3000
targets -set -nocase -filter {name =~"APU*" && jtag_cable_name =~ "Digilent Zed 210248AA5818"} -index 0
loadhw -hw /home/jay/Kanish/pr_version_5/pr_version_5.sdk/design_1_wrapper_hw_platform_0/system.hdf -mem-ranges [list {0x40000000 0xbfffffff}]
configparams force-mem-access 1
targets -set -nocase -filter {name =~"APU*" && jtag_cable_name =~ "Digilent Zed 210248AA5818"} -index 0
ps7_init
ps7_post_config
targets -set -nocase -filter {name =~ "ARM*#0" && jtag_cable_name =~ "Digilent Zed 210248AA5818"} -index 0
dow /home/jay/Kanish/pr_version_5/pr_version_5.sdk/send_data/Debug/send_data.elf
configparams force-mem-access 0
----------------End of Script----------------

16:31:40 INFO  : Memory regions updated for context APU
16:31:40 INFO  : Launch script is exported to file '/home/jay/Kanish/pr_version_5/pr_version_5.sdk/.sdk/launch_scripts/xilinx_c-c++_application_(system_debugger)/system_debugger_on_local.tcl'
16:32:05 INFO  : Disconnected from the channel tcfchan#10.
16:32:06 INFO  : 'targets -set -filter {jtag_cable_name =~ "Digilent Zed 210248AA5818" && level==0} -index 1' command is executed.
16:32:06 INFO  : 'fpga -state' command is executed.
16:32:07 INFO  : Connected to target on host '127.0.0.1' and port '3121'.
16:32:07 INFO  : Jtag cable 'Digilent Zed 210248AA5818' is selected.
16:32:07 INFO  : 'jtag frequency' command is executed.
16:32:07 INFO  : Sourcing of '/home/jay/Kanish/pr_version_5/pr_version_5.sdk/design_1_wrapper_hw_platform_0/ps7_init.tcl' is done.
16:32:07 INFO  : Context for 'APU' is selected.
16:32:07 INFO  : System reset is completed.
16:32:10 INFO  : 'after 3000' command is executed.
16:32:11 INFO  : Context for 'APU' is selected.
16:32:13 INFO  : Hardware design information is loaded from '/home/jay/Kanish/pr_version_5/pr_version_5.sdk/design_1_wrapper_hw_platform_0/system.hdf'.
16:32:13 INFO  : 'configparams force-mem-access 1' command is executed.
16:32:13 INFO  : Context for 'APU' is selected.
16:32:13 INFO  : 'ps7_init' command is executed.
16:32:13 INFO  : 'ps7_post_config' command is executed.
16:32:13 INFO  : Context for processor 'ps7_cortexa9_0' is selected.
16:32:13 INFO  : The application '/home/jay/Kanish/pr_version_5/pr_version_5.sdk/send_data/Debug/send_data.elf' is downloaded to processor 'ps7_cortexa9_0'.
16:32:13 INFO  : 'configparams force-mem-access 0' command is executed.
16:32:13 INFO  : ----------------XSDB Script----------------
connect -url tcp:127.0.0.1:3121
source /home/jay/Kanish/pr_version_5/pr_version_5.sdk/design_1_wrapper_hw_platform_0/ps7_init.tcl
targets -set -nocase -filter {name =~"APU*" && jtag_cable_name =~ "Digilent Zed 210248AA5818"} -index 0
rst -system
after 3000
targets -set -nocase -filter {name =~"APU*" && jtag_cable_name =~ "Digilent Zed 210248AA5818"} -index 0
loadhw -hw /home/jay/Kanish/pr_version_5/pr_version_5.sdk/design_1_wrapper_hw_platform_0/system.hdf -mem-ranges [list {0x40000000 0xbfffffff}]
configparams force-mem-access 1
targets -set -nocase -filter {name =~"APU*" && jtag_cable_name =~ "Digilent Zed 210248AA5818"} -index 0
ps7_init
ps7_post_config
targets -set -nocase -filter {name =~ "ARM*#0" && jtag_cable_name =~ "Digilent Zed 210248AA5818"} -index 0
dow /home/jay/Kanish/pr_version_5/pr_version_5.sdk/send_data/Debug/send_data.elf
configparams force-mem-access 0
----------------End of Script----------------

16:32:13 INFO  : Memory regions updated for context APU
16:32:13 INFO  : Launch script is exported to file '/home/jay/Kanish/pr_version_5/pr_version_5.sdk/.sdk/launch_scripts/xilinx_c-c++_application_(system_debugger)/system_debugger_on_local.tcl'
16:34:08 INFO  : Disconnected from the channel tcfchan#11.
16:34:09 INFO  : 'targets -set -filter {jtag_cable_name =~ "Digilent Zed 210248AA5818" && level==0} -index 1' command is executed.
16:34:09 INFO  : 'fpga -state' command is executed.
16:34:09 INFO  : Connected to target on host '127.0.0.1' and port '3121'.
16:34:10 INFO  : Jtag cable 'Digilent Zed 210248AA5818' is selected.
16:34:10 INFO  : 'jtag frequency' command is executed.
16:34:10 INFO  : Sourcing of '/home/jay/Kanish/pr_version_5/pr_version_5.sdk/design_1_wrapper_hw_platform_0/ps7_init.tcl' is done.
16:34:10 INFO  : Context for 'APU' is selected.
16:34:10 INFO  : System reset is completed.
16:34:13 INFO  : 'after 3000' command is executed.
16:34:13 INFO  : Context for 'APU' is selected.
16:34:15 INFO  : Hardware design information is loaded from '/home/jay/Kanish/pr_version_5/pr_version_5.sdk/design_1_wrapper_hw_platform_0/system.hdf'.
16:34:15 INFO  : 'configparams force-mem-access 1' command is executed.
16:34:15 INFO  : Context for 'APU' is selected.
16:34:15 INFO  : 'ps7_init' command is executed.
16:34:15 INFO  : 'ps7_post_config' command is executed.
16:34:15 INFO  : Context for processor 'ps7_cortexa9_0' is selected.
16:34:15 INFO  : The application '/home/jay/Kanish/pr_version_5/pr_version_5.sdk/send_data/Debug/send_data.elf' is downloaded to processor 'ps7_cortexa9_0'.
16:34:15 INFO  : 'configparams force-mem-access 0' command is executed.
16:34:15 INFO  : ----------------XSDB Script----------------
connect -url tcp:127.0.0.1:3121
source /home/jay/Kanish/pr_version_5/pr_version_5.sdk/design_1_wrapper_hw_platform_0/ps7_init.tcl
targets -set -nocase -filter {name =~"APU*" && jtag_cable_name =~ "Digilent Zed 210248AA5818"} -index 0
rst -system
after 3000
targets -set -nocase -filter {name =~"APU*" && jtag_cable_name =~ "Digilent Zed 210248AA5818"} -index 0
loadhw -hw /home/jay/Kanish/pr_version_5/pr_version_5.sdk/design_1_wrapper_hw_platform_0/system.hdf -mem-ranges [list {0x40000000 0xbfffffff}]
configparams force-mem-access 1
targets -set -nocase -filter {name =~"APU*" && jtag_cable_name =~ "Digilent Zed 210248AA5818"} -index 0
ps7_init
ps7_post_config
targets -set -nocase -filter {name =~ "ARM*#0" && jtag_cable_name =~ "Digilent Zed 210248AA5818"} -index 0
dow /home/jay/Kanish/pr_version_5/pr_version_5.sdk/send_data/Debug/send_data.elf
configparams force-mem-access 0
----------------End of Script----------------

16:34:15 INFO  : Memory regions updated for context APU
16:34:15 INFO  : Launch script is exported to file '/home/jay/Kanish/pr_version_5/pr_version_5.sdk/.sdk/launch_scripts/xilinx_c-c++_application_(system_debugger)/system_debugger_on_local.tcl'
16:36:23 INFO  : Disconnected from the channel tcfchan#12.
16:36:25 INFO  : 'targets -set -filter {jtag_cable_name =~ "Digilent Zed 210248AA5818" && level==0} -index 1' command is executed.
16:36:25 INFO  : 'fpga -state' command is executed.
16:36:25 INFO  : Connected to target on host '127.0.0.1' and port '3121'.
16:36:25 INFO  : Jtag cable 'Digilent Zed 210248AA5818' is selected.
16:36:25 INFO  : 'jtag frequency' command is executed.
16:36:25 INFO  : Sourcing of '/home/jay/Kanish/pr_version_5/pr_version_5.sdk/design_1_wrapper_hw_platform_0/ps7_init.tcl' is done.
16:36:25 INFO  : Context for 'APU' is selected.
16:36:25 INFO  : System reset is completed.
16:36:28 INFO  : 'after 3000' command is executed.
16:36:28 INFO  : Context for 'APU' is selected.
16:36:30 INFO  : Hardware design information is loaded from '/home/jay/Kanish/pr_version_5/pr_version_5.sdk/design_1_wrapper_hw_platform_0/system.hdf'.
16:36:30 INFO  : 'configparams force-mem-access 1' command is executed.
16:36:30 INFO  : Context for 'APU' is selected.
16:36:30 INFO  : 'ps7_init' command is executed.
16:36:30 INFO  : 'ps7_post_config' command is executed.
16:36:30 INFO  : Context for processor 'ps7_cortexa9_0' is selected.
16:36:30 INFO  : The application '/home/jay/Kanish/pr_version_5/pr_version_5.sdk/send_data/Debug/send_data.elf' is downloaded to processor 'ps7_cortexa9_0'.
16:36:30 INFO  : 'configparams force-mem-access 0' command is executed.
16:36:30 INFO  : ----------------XSDB Script----------------
connect -url tcp:127.0.0.1:3121
source /home/jay/Kanish/pr_version_5/pr_version_5.sdk/design_1_wrapper_hw_platform_0/ps7_init.tcl
targets -set -nocase -filter {name =~"APU*" && jtag_cable_name =~ "Digilent Zed 210248AA5818"} -index 0
rst -system
after 3000
targets -set -nocase -filter {name =~"APU*" && jtag_cable_name =~ "Digilent Zed 210248AA5818"} -index 0
loadhw -hw /home/jay/Kanish/pr_version_5/pr_version_5.sdk/design_1_wrapper_hw_platform_0/system.hdf -mem-ranges [list {0x40000000 0xbfffffff}]
configparams force-mem-access 1
targets -set -nocase -filter {name =~"APU*" && jtag_cable_name =~ "Digilent Zed 210248AA5818"} -index 0
ps7_init
ps7_post_config
targets -set -nocase -filter {name =~ "ARM*#0" && jtag_cable_name =~ "Digilent Zed 210248AA5818"} -index 0
dow /home/jay/Kanish/pr_version_5/pr_version_5.sdk/send_data/Debug/send_data.elf
configparams force-mem-access 0
----------------End of Script----------------

16:36:30 INFO  : Memory regions updated for context APU
16:36:30 INFO  : Launch script is exported to file '/home/jay/Kanish/pr_version_5/pr_version_5.sdk/.sdk/launch_scripts/xilinx_c-c++_application_(system_debugger)/system_debugger_on_local.tcl'
17:09:03 INFO  : Disconnected from the channel tcfchan#13.
17:09:04 INFO  : 'targets -set -filter {jtag_cable_name =~ "Digilent Zed 210248AA5818" && level==0} -index 1' command is executed.
17:09:04 INFO  : 'fpga -state' command is executed.
17:09:06 INFO  : Connected to target on host '127.0.0.1' and port '3121'.
17:09:06 INFO  : Jtag cable 'Digilent Zed 210248AA5818' is selected.
17:09:06 INFO  : 'jtag frequency' command is executed.
17:09:06 INFO  : Sourcing of '/home/jay/Kanish/pr_version_5/pr_version_5.sdk/design_1_wrapper_hw_platform_0/ps7_init.tcl' is done.
17:09:06 INFO  : Context for 'APU' is selected.
17:09:06 INFO  : System reset is completed.
17:09:09 INFO  : 'after 3000' command is executed.
17:09:09 INFO  : Context for 'APU' is selected.
17:09:11 INFO  : Hardware design information is loaded from '/home/jay/Kanish/pr_version_5/pr_version_5.sdk/design_1_wrapper_hw_platform_0/system.hdf'.
17:09:11 INFO  : 'configparams force-mem-access 1' command is executed.
17:09:11 INFO  : Context for 'APU' is selected.
17:09:12 INFO  : 'ps7_init' command is executed.
17:09:12 INFO  : 'ps7_post_config' command is executed.
17:09:12 INFO  : Context for processor 'ps7_cortexa9_0' is selected.
17:09:12 INFO  : The application '/home/jay/Kanish/pr_version_5/pr_version_5.sdk/send_data/Debug/send_data.elf' is downloaded to processor 'ps7_cortexa9_0'.
17:09:12 INFO  : 'configparams force-mem-access 0' command is executed.
17:09:12 INFO  : ----------------XSDB Script----------------
connect -url tcp:127.0.0.1:3121
source /home/jay/Kanish/pr_version_5/pr_version_5.sdk/design_1_wrapper_hw_platform_0/ps7_init.tcl
targets -set -nocase -filter {name =~"APU*" && jtag_cable_name =~ "Digilent Zed 210248AA5818"} -index 0
rst -system
after 3000
targets -set -nocase -filter {name =~"APU*" && jtag_cable_name =~ "Digilent Zed 210248AA5818"} -index 0
loadhw -hw /home/jay/Kanish/pr_version_5/pr_version_5.sdk/design_1_wrapper_hw_platform_0/system.hdf -mem-ranges [list {0x40000000 0xbfffffff}]
configparams force-mem-access 1
targets -set -nocase -filter {name =~"APU*" && jtag_cable_name =~ "Digilent Zed 210248AA5818"} -index 0
ps7_init
ps7_post_config
targets -set -nocase -filter {name =~ "ARM*#0" && jtag_cable_name =~ "Digilent Zed 210248AA5818"} -index 0
dow /home/jay/Kanish/pr_version_5/pr_version_5.sdk/send_data/Debug/send_data.elf
configparams force-mem-access 0
----------------End of Script----------------

17:09:12 INFO  : Memory regions updated for context APU
17:09:12 INFO  : Launch script is exported to file '/home/jay/Kanish/pr_version_5/pr_version_5.sdk/.sdk/launch_scripts/xilinx_c-c++_application_(system_debugger)/system_debugger_on_local.tcl'
17:10:35 INFO  : Disconnected from the channel tcfchan#14.
17:10:36 INFO  : 'targets -set -filter {jtag_cable_name =~ "Digilent Zed 210248AA5818" && level==0} -index 1' command is executed.
17:10:36 INFO  : 'fpga -state' command is executed.
17:10:36 INFO  : Connected to target on host '127.0.0.1' and port '3121'.
17:10:36 INFO  : Jtag cable 'Digilent Zed 210248AA5818' is selected.
17:10:36 INFO  : 'jtag frequency' command is executed.
17:10:36 INFO  : Sourcing of '/home/jay/Kanish/pr_version_5/pr_version_5.sdk/design_1_wrapper_hw_platform_0/ps7_init.tcl' is done.
17:10:36 INFO  : Context for 'APU' is selected.
17:10:38 INFO  : Hardware design information is loaded from '/home/jay/Kanish/pr_version_5/pr_version_5.sdk/design_1_wrapper_hw_platform_0/system.hdf'.
17:10:38 INFO  : 'configparams force-mem-access 1' command is executed.
17:10:38 INFO  : Context for 'APU' is selected.
17:10:38 INFO  : 'stop' command is executed.
17:10:39 INFO  : 'ps7_init' command is executed.
17:10:39 INFO  : 'ps7_post_config' command is executed.
17:10:39 INFO  : Context for processor 'ps7_cortexa9_0' is selected.
17:10:39 INFO  : The application '/home/jay/Kanish/pr_version_5/pr_version_5.sdk/send_data/Debug/send_data.elf' is downloaded to processor 'ps7_cortexa9_0'.
17:10:39 INFO  : 'configparams force-mem-access 0' command is executed.
17:10:39 INFO  : ----------------XSDB Script----------------
connect -url tcp:127.0.0.1:3121
source /home/jay/Kanish/pr_version_5/pr_version_5.sdk/design_1_wrapper_hw_platform_0/ps7_init.tcl
targets -set -nocase -filter {name =~"APU*" && jtag_cable_name =~ "Digilent Zed 210248AA5818"} -index 0
loadhw -hw /home/jay/Kanish/pr_version_5/pr_version_5.sdk/design_1_wrapper_hw_platform_0/system.hdf -mem-ranges [list {0x40000000 0xbfffffff}]
configparams force-mem-access 1
targets -set -nocase -filter {name =~"APU*" && jtag_cable_name =~ "Digilent Zed 210248AA5818"} -index 0
stop
ps7_init
ps7_post_config
targets -set -nocase -filter {name =~ "ARM*#0" && jtag_cable_name =~ "Digilent Zed 210248AA5818"} -index 0
dow /home/jay/Kanish/pr_version_5/pr_version_5.sdk/send_data/Debug/send_data.elf
configparams force-mem-access 0
----------------End of Script----------------

17:10:39 INFO  : Memory regions updated for context APU
17:10:39 INFO  : Launch script is exported to file '/home/jay/Kanish/pr_version_5/pr_version_5.sdk/.sdk/launch_scripts/xilinx_c-c++_application_(system_debugger)/system_debugger_on_local.tcl'
17:11:31 INFO  : Disconnected from the channel tcfchan#15.
17:11:33 INFO  : 'targets -set -filter {jtag_cable_name =~ "Digilent Zed 210248AA5818" && level==0} -index 1' command is executed.
17:11:33 INFO  : 'fpga -state' command is executed.
17:11:33 INFO  : Connected to target on host '127.0.0.1' and port '3121'.
17:11:33 INFO  : Jtag cable 'Digilent Zed 210248AA5818' is selected.
17:11:33 INFO  : 'jtag frequency' command is executed.
17:11:33 INFO  : Sourcing of '/home/jay/Kanish/pr_version_5/pr_version_5.sdk/design_1_wrapper_hw_platform_0/ps7_init.tcl' is done.
17:11:33 INFO  : Context for 'APU' is selected.
17:11:35 INFO  : Hardware design information is loaded from '/home/jay/Kanish/pr_version_5/pr_version_5.sdk/design_1_wrapper_hw_platform_0/system.hdf'.
17:11:35 INFO  : 'configparams force-mem-access 1' command is executed.
17:11:35 INFO  : Context for 'APU' is selected.
17:11:35 INFO  : 'stop' command is executed.
17:11:35 INFO  : 'ps7_init' command is executed.
17:11:35 INFO  : 'ps7_post_config' command is executed.
17:11:35 INFO  : Context for processor 'ps7_cortexa9_0' is selected.
17:11:35 INFO  : The application '/home/jay/Kanish/pr_version_5/pr_version_5.sdk/send_data/Debug/send_data.elf' is downloaded to processor 'ps7_cortexa9_0'.
17:11:35 INFO  : 'configparams force-mem-access 0' command is executed.
17:11:35 INFO  : ----------------XSDB Script----------------
connect -url tcp:127.0.0.1:3121
source /home/jay/Kanish/pr_version_5/pr_version_5.sdk/design_1_wrapper_hw_platform_0/ps7_init.tcl
targets -set -nocase -filter {name =~"APU*" && jtag_cable_name =~ "Digilent Zed 210248AA5818"} -index 0
loadhw -hw /home/jay/Kanish/pr_version_5/pr_version_5.sdk/design_1_wrapper_hw_platform_0/system.hdf -mem-ranges [list {0x40000000 0xbfffffff}]
configparams force-mem-access 1
targets -set -nocase -filter {name =~"APU*" && jtag_cable_name =~ "Digilent Zed 210248AA5818"} -index 0
stop
ps7_init
ps7_post_config
targets -set -nocase -filter {name =~ "ARM*#0" && jtag_cable_name =~ "Digilent Zed 210248AA5818"} -index 0
dow /home/jay/Kanish/pr_version_5/pr_version_5.sdk/send_data/Debug/send_data.elf
configparams force-mem-access 0
----------------End of Script----------------

17:11:35 INFO  : Memory regions updated for context APU
17:11:35 INFO  : Launch script is exported to file '/home/jay/Kanish/pr_version_5/pr_version_5.sdk/.sdk/launch_scripts/xilinx_c-c++_application_(system_debugger)/system_debugger_on_local.tcl'
18:07:44 INFO  : Disconnected from the channel tcfchan#16.
18:07:45 INFO  : 'targets -set -filter {jtag_cable_name =~ "Digilent Zed 210248AA5818" && level==0} -index 1' command is executed.
18:07:45 INFO  : 'fpga -state' command is executed.
18:07:45 INFO  : Connected to target on host '127.0.0.1' and port '3121'.
18:07:45 INFO  : Jtag cable 'Digilent Zed 210248AA5818' is selected.
18:07:45 INFO  : 'jtag frequency' command is executed.
18:07:45 INFO  : Sourcing of '/home/jay/Kanish/pr_version_5/pr_version_5.sdk/design_1_wrapper_hw_platform_0/ps7_init.tcl' is done.
18:07:45 INFO  : Context for 'APU' is selected.
18:07:47 INFO  : Hardware design information is loaded from '/home/jay/Kanish/pr_version_5/pr_version_5.sdk/design_1_wrapper_hw_platform_0/system.hdf'.
18:07:47 INFO  : 'configparams force-mem-access 1' command is executed.
18:07:47 INFO  : Context for 'APU' is selected.
18:07:47 INFO  : 'stop' command is executed.
18:07:48 INFO  : 'ps7_init' command is executed.
18:07:48 INFO  : 'ps7_post_config' command is executed.
18:07:48 INFO  : Context for processor 'ps7_cortexa9_0' is selected.
18:07:48 INFO  : The application '/home/jay/Kanish/pr_version_5/pr_version_5.sdk/send_data/Debug/send_data.elf' is downloaded to processor 'ps7_cortexa9_0'.
18:07:48 INFO  : 'configparams force-mem-access 0' command is executed.
18:07:48 INFO  : ----------------XSDB Script----------------
connect -url tcp:127.0.0.1:3121
source /home/jay/Kanish/pr_version_5/pr_version_5.sdk/design_1_wrapper_hw_platform_0/ps7_init.tcl
targets -set -nocase -filter {name =~"APU*" && jtag_cable_name =~ "Digilent Zed 210248AA5818"} -index 0
loadhw -hw /home/jay/Kanish/pr_version_5/pr_version_5.sdk/design_1_wrapper_hw_platform_0/system.hdf -mem-ranges [list {0x40000000 0xbfffffff}]
configparams force-mem-access 1
targets -set -nocase -filter {name =~"APU*" && jtag_cable_name =~ "Digilent Zed 210248AA5818"} -index 0
stop
ps7_init
ps7_post_config
targets -set -nocase -filter {name =~ "ARM*#0" && jtag_cable_name =~ "Digilent Zed 210248AA5818"} -index 0
dow /home/jay/Kanish/pr_version_5/pr_version_5.sdk/send_data/Debug/send_data.elf
configparams force-mem-access 0
----------------End of Script----------------

18:07:48 INFO  : Memory regions updated for context APU
18:07:48 INFO  : Launch script is exported to file '/home/jay/Kanish/pr_version_5/pr_version_5.sdk/.sdk/launch_scripts/xilinx_c-c++_application_(system_debugger)/system_debugger_on_local.tcl'
18:09:25 INFO  : Disconnected from the channel tcfchan#17.
18:09:26 INFO  : 'targets -set -filter {jtag_cable_name =~ "Digilent Zed 210248AA5818" && level==0} -index 1' command is executed.
18:09:26 INFO  : 'fpga -state' command is executed.
18:09:26 INFO  : Connected to target on host '127.0.0.1' and port '3121'.
18:09:27 INFO  : Jtag cable 'Digilent Zed 210248AA5818' is selected.
18:09:27 INFO  : 'jtag frequency' command is executed.
18:09:27 INFO  : Sourcing of '/home/jay/Kanish/pr_version_5/pr_version_5.sdk/design_1_wrapper_hw_platform_0/ps7_init.tcl' is done.
18:09:27 INFO  : Context for 'APU' is selected.
18:09:29 INFO  : Hardware design information is loaded from '/home/jay/Kanish/pr_version_5/pr_version_5.sdk/design_1_wrapper_hw_platform_0/system.hdf'.
18:09:29 INFO  : 'configparams force-mem-access 1' command is executed.
18:09:29 INFO  : Context for 'APU' is selected.
18:09:29 INFO  : 'stop' command is executed.
18:09:29 INFO  : 'ps7_init' command is executed.
18:09:29 INFO  : 'ps7_post_config' command is executed.
18:09:29 INFO  : Context for processor 'ps7_cortexa9_0' is selected.
18:09:29 INFO  : The application '/home/jay/Kanish/pr_version_5/pr_version_5.sdk/send_data/Debug/send_data.elf' is downloaded to processor 'ps7_cortexa9_0'.
18:09:29 INFO  : 'configparams force-mem-access 0' command is executed.
18:09:29 INFO  : ----------------XSDB Script----------------
connect -url tcp:127.0.0.1:3121
source /home/jay/Kanish/pr_version_5/pr_version_5.sdk/design_1_wrapper_hw_platform_0/ps7_init.tcl
targets -set -nocase -filter {name =~"APU*" && jtag_cable_name =~ "Digilent Zed 210248AA5818"} -index 0
loadhw -hw /home/jay/Kanish/pr_version_5/pr_version_5.sdk/design_1_wrapper_hw_platform_0/system.hdf -mem-ranges [list {0x40000000 0xbfffffff}]
configparams force-mem-access 1
targets -set -nocase -filter {name =~"APU*" && jtag_cable_name =~ "Digilent Zed 210248AA5818"} -index 0
stop
ps7_init
ps7_post_config
targets -set -nocase -filter {name =~ "ARM*#0" && jtag_cable_name =~ "Digilent Zed 210248AA5818"} -index 0
dow /home/jay/Kanish/pr_version_5/pr_version_5.sdk/send_data/Debug/send_data.elf
configparams force-mem-access 0
----------------End of Script----------------

18:09:29 INFO  : Memory regions updated for context APU
18:09:29 INFO  : Launch script is exported to file '/home/jay/Kanish/pr_version_5/pr_version_5.sdk/.sdk/launch_scripts/xilinx_c-c++_application_(system_debugger)/system_debugger_on_local.tcl'
18:12:16 INFO  : Disconnected from the channel tcfchan#18.
18:12:17 INFO  : 'targets -set -filter {jtag_cable_name =~ "Digilent Zed 210248AA5818" && level==0} -index 1' command is executed.
18:12:17 INFO  : 'fpga -state' command is executed.
18:12:17 INFO  : Connected to target on host '127.0.0.1' and port '3121'.
18:12:17 INFO  : Jtag cable 'Digilent Zed 210248AA5818' is selected.
18:12:17 INFO  : 'jtag frequency' command is executed.
18:12:17 INFO  : Sourcing of '/home/jay/Kanish/pr_version_5/pr_version_5.sdk/design_1_wrapper_hw_platform_0/ps7_init.tcl' is done.
18:12:17 INFO  : Context for 'APU' is selected.
18:12:19 INFO  : Hardware design information is loaded from '/home/jay/Kanish/pr_version_5/pr_version_5.sdk/design_1_wrapper_hw_platform_0/system.hdf'.
18:12:19 INFO  : 'configparams force-mem-access 1' command is executed.
18:12:19 INFO  : Context for 'APU' is selected.
18:12:19 INFO  : 'stop' command is executed.
18:12:20 INFO  : 'ps7_init' command is executed.
18:12:20 INFO  : 'ps7_post_config' command is executed.
18:12:20 INFO  : Context for processor 'ps7_cortexa9_0' is selected.
18:12:20 INFO  : The application '/home/jay/Kanish/pr_version_5/pr_version_5.sdk/send_data/Debug/send_data.elf' is downloaded to processor 'ps7_cortexa9_0'.
18:12:20 INFO  : 'configparams force-mem-access 0' command is executed.
18:12:20 INFO  : ----------------XSDB Script----------------
connect -url tcp:127.0.0.1:3121
source /home/jay/Kanish/pr_version_5/pr_version_5.sdk/design_1_wrapper_hw_platform_0/ps7_init.tcl
targets -set -nocase -filter {name =~"APU*" && jtag_cable_name =~ "Digilent Zed 210248AA5818"} -index 0
loadhw -hw /home/jay/Kanish/pr_version_5/pr_version_5.sdk/design_1_wrapper_hw_platform_0/system.hdf -mem-ranges [list {0x40000000 0xbfffffff}]
configparams force-mem-access 1
targets -set -nocase -filter {name =~"APU*" && jtag_cable_name =~ "Digilent Zed 210248AA5818"} -index 0
stop
ps7_init
ps7_post_config
targets -set -nocase -filter {name =~ "ARM*#0" && jtag_cable_name =~ "Digilent Zed 210248AA5818"} -index 0
dow /home/jay/Kanish/pr_version_5/pr_version_5.sdk/send_data/Debug/send_data.elf
configparams force-mem-access 0
----------------End of Script----------------

18:12:20 INFO  : Memory regions updated for context APU
18:12:20 INFO  : Launch script is exported to file '/home/jay/Kanish/pr_version_5/pr_version_5.sdk/.sdk/launch_scripts/xilinx_c-c++_application_(system_debugger)/system_debugger_on_local.tcl'
18:25:56 INFO  : Disconnected from the channel tcfchan#19.
18:25:57 INFO  : 'targets -set -filter {jtag_cable_name =~ "Digilent Zed 210248AA5818" && level==0} -index 1' command is executed.
18:25:57 INFO  : 'fpga -state' command is executed.
18:25:57 INFO  : Connected to target on host '127.0.0.1' and port '3121'.
18:25:57 INFO  : Jtag cable 'Digilent Zed 210248AA5818' is selected.
18:25:57 INFO  : 'jtag frequency' command is executed.
18:25:57 INFO  : Sourcing of '/home/jay/Kanish/pr_version_5/pr_version_5.sdk/design_1_wrapper_hw_platform_0/ps7_init.tcl' is done.
18:25:58 INFO  : Context for 'APU' is selected.
18:26:00 INFO  : Hardware design information is loaded from '/home/jay/Kanish/pr_version_5/pr_version_5.sdk/design_1_wrapper_hw_platform_0/system.hdf'.
18:26:00 INFO  : 'configparams force-mem-access 1' command is executed.
18:26:00 INFO  : Context for 'APU' is selected.
18:26:00 INFO  : 'stop' command is executed.
18:26:00 INFO  : 'ps7_init' command is executed.
18:26:00 INFO  : 'ps7_post_config' command is executed.
18:26:00 INFO  : Context for processor 'ps7_cortexa9_0' is selected.
18:26:00 INFO  : The application '/home/jay/Kanish/pr_version_5/pr_version_5.sdk/send_data/Debug/send_data.elf' is downloaded to processor 'ps7_cortexa9_0'.
18:26:00 INFO  : 'configparams force-mem-access 0' command is executed.
18:26:00 INFO  : ----------------XSDB Script----------------
connect -url tcp:127.0.0.1:3121
source /home/jay/Kanish/pr_version_5/pr_version_5.sdk/design_1_wrapper_hw_platform_0/ps7_init.tcl
targets -set -nocase -filter {name =~"APU*" && jtag_cable_name =~ "Digilent Zed 210248AA5818"} -index 0
loadhw -hw /home/jay/Kanish/pr_version_5/pr_version_5.sdk/design_1_wrapper_hw_platform_0/system.hdf -mem-ranges [list {0x40000000 0xbfffffff}]
configparams force-mem-access 1
targets -set -nocase -filter {name =~"APU*" && jtag_cable_name =~ "Digilent Zed 210248AA5818"} -index 0
stop
ps7_init
ps7_post_config
targets -set -nocase -filter {name =~ "ARM*#0" && jtag_cable_name =~ "Digilent Zed 210248AA5818"} -index 0
dow /home/jay/Kanish/pr_version_5/pr_version_5.sdk/send_data/Debug/send_data.elf
configparams force-mem-access 0
----------------End of Script----------------

18:26:00 INFO  : Memory regions updated for context APU
18:26:00 INFO  : Launch script is exported to file '/home/jay/Kanish/pr_version_5/pr_version_5.sdk/.sdk/launch_scripts/xilinx_c-c++_application_(system_debugger)/system_debugger_on_local.tcl'
18:26:23 INFO  : Disconnected from the channel tcfchan#20.
18:26:24 INFO  : 'targets -set -filter {jtag_cable_name =~ "Digilent Zed 210248AA5818" && level==0} -index 1' command is executed.
18:26:24 INFO  : 'fpga -state' command is executed.
18:26:24 INFO  : Connected to target on host '127.0.0.1' and port '3121'.
18:26:24 INFO  : Jtag cable 'Digilent Zed 210248AA5818' is selected.
18:26:24 INFO  : 'jtag frequency' command is executed.
18:26:24 INFO  : Sourcing of '/home/jay/Kanish/pr_version_5/pr_version_5.sdk/design_1_wrapper_hw_platform_0/ps7_init.tcl' is done.
18:26:24 INFO  : Context for 'APU' is selected.
18:26:26 INFO  : Hardware design information is loaded from '/home/jay/Kanish/pr_version_5/pr_version_5.sdk/design_1_wrapper_hw_platform_0/system.hdf'.
18:26:26 INFO  : 'configparams force-mem-access 1' command is executed.
18:26:27 INFO  : Context for 'APU' is selected.
18:26:27 INFO  : 'stop' command is executed.
18:26:27 INFO  : 'ps7_init' command is executed.
18:26:27 INFO  : 'ps7_post_config' command is executed.
18:26:27 INFO  : Context for processor 'ps7_cortexa9_0' is selected.
18:26:27 INFO  : The application '/home/jay/Kanish/pr_version_5/pr_version_5.sdk/send_data/Debug/send_data.elf' is downloaded to processor 'ps7_cortexa9_0'.
18:26:27 INFO  : 'configparams force-mem-access 0' command is executed.
18:26:27 INFO  : ----------------XSDB Script----------------
connect -url tcp:127.0.0.1:3121
source /home/jay/Kanish/pr_version_5/pr_version_5.sdk/design_1_wrapper_hw_platform_0/ps7_init.tcl
targets -set -nocase -filter {name =~"APU*" && jtag_cable_name =~ "Digilent Zed 210248AA5818"} -index 0
loadhw -hw /home/jay/Kanish/pr_version_5/pr_version_5.sdk/design_1_wrapper_hw_platform_0/system.hdf -mem-ranges [list {0x40000000 0xbfffffff}]
configparams force-mem-access 1
targets -set -nocase -filter {name =~"APU*" && jtag_cable_name =~ "Digilent Zed 210248AA5818"} -index 0
stop
ps7_init
ps7_post_config
targets -set -nocase -filter {name =~ "ARM*#0" && jtag_cable_name =~ "Digilent Zed 210248AA5818"} -index 0
dow /home/jay/Kanish/pr_version_5/pr_version_5.sdk/send_data/Debug/send_data.elf
configparams force-mem-access 0
----------------End of Script----------------

18:26:27 INFO  : Memory regions updated for context APU
18:26:27 INFO  : Launch script is exported to file '/home/jay/Kanish/pr_version_5/pr_version_5.sdk/.sdk/launch_scripts/xilinx_c-c++_application_(system_debugger)/system_debugger_on_local.tcl'
18:26:52 INFO  : Disconnected from the channel tcfchan#21.
18:27:19 INFO  : 'targets -set -filter {jtag_cable_name =~ "Digilent Zed 210248AA5818" && level==0} -index 1' command is executed.
18:27:19 INFO  : 'fpga -state' command is executed.
18:27:19 INFO  : Connected to target on host '127.0.0.1' and port '3121'.
18:27:19 INFO  : Jtag cable 'Digilent Zed 210248AA5818' is selected.
18:27:19 INFO  : 'jtag frequency' command is executed.
18:27:19 INFO  : Sourcing of '/home/jay/Kanish/pr_version_5/pr_version_5.sdk/design_1_wrapper_hw_platform_0/ps7_init.tcl' is done.
18:27:19 INFO  : Context for 'APU' is selected.
18:27:21 INFO  : Hardware design information is loaded from '/home/jay/Kanish/pr_version_5/pr_version_5.sdk/design_1_wrapper_hw_platform_0/system.hdf'.
18:27:21 INFO  : 'configparams force-mem-access 1' command is executed.
18:27:21 INFO  : Context for 'APU' is selected.
18:27:21 INFO  : 'stop' command is executed.
18:27:22 INFO  : 'ps7_init' command is executed.
18:27:22 INFO  : 'ps7_post_config' command is executed.
18:27:22 INFO  : Context for processor 'ps7_cortexa9_0' is selected.
18:27:22 INFO  : The application '/home/jay/Kanish/pr_version_5/pr_version_5.sdk/send_data/Debug/send_data.elf' is downloaded to processor 'ps7_cortexa9_0'.
18:27:22 INFO  : 'configparams force-mem-access 0' command is executed.
18:27:22 INFO  : ----------------XSDB Script----------------
connect -url tcp:127.0.0.1:3121
source /home/jay/Kanish/pr_version_5/pr_version_5.sdk/design_1_wrapper_hw_platform_0/ps7_init.tcl
targets -set -nocase -filter {name =~"APU*" && jtag_cable_name =~ "Digilent Zed 210248AA5818"} -index 0
loadhw -hw /home/jay/Kanish/pr_version_5/pr_version_5.sdk/design_1_wrapper_hw_platform_0/system.hdf -mem-ranges [list {0x40000000 0xbfffffff}]
configparams force-mem-access 1
targets -set -nocase -filter {name =~"APU*" && jtag_cable_name =~ "Digilent Zed 210248AA5818"} -index 0
stop
ps7_init
ps7_post_config
targets -set -nocase -filter {name =~ "ARM*#0" && jtag_cable_name =~ "Digilent Zed 210248AA5818"} -index 0
dow /home/jay/Kanish/pr_version_5/pr_version_5.sdk/send_data/Debug/send_data.elf
configparams force-mem-access 0
----------------End of Script----------------

18:27:22 INFO  : Memory regions updated for context APU
18:27:22 INFO  : Launch script is exported to file '/home/jay/Kanish/pr_version_5/pr_version_5.sdk/.sdk/launch_scripts/xilinx_c-c++_application_(system_debugger)/system_debugger_on_local.tcl'
18:28:19 INFO  : Disconnected from the channel tcfchan#22.
18:28:21 INFO  : 'targets -set -filter {jtag_cable_name =~ "Digilent Zed 210248AA5818" && level==0} -index 1' command is executed.
18:28:21 INFO  : 'fpga -state' command is executed.
18:28:21 INFO  : Connected to target on host '127.0.0.1' and port '3121'.
18:28:22 INFO  : Jtag cable 'Digilent Zed 210248AA5818' is selected.
18:28:22 INFO  : 'jtag frequency' command is executed.
18:28:22 INFO  : Sourcing of '/home/jay/Kanish/pr_version_5/pr_version_5.sdk/design_1_wrapper_hw_platform_0/ps7_init.tcl' is done.
18:28:22 INFO  : Context for 'APU' is selected.
18:28:24 INFO  : Hardware design information is loaded from '/home/jay/Kanish/pr_version_5/pr_version_5.sdk/design_1_wrapper_hw_platform_0/system.hdf'.
18:28:24 INFO  : 'configparams force-mem-access 1' command is executed.
18:28:24 INFO  : Context for 'APU' is selected.
18:28:24 INFO  : 'stop' command is executed.
18:28:24 INFO  : 'ps7_init' command is executed.
18:28:24 INFO  : 'ps7_post_config' command is executed.
18:28:24 INFO  : Context for processor 'ps7_cortexa9_0' is selected.
18:28:24 INFO  : The application '/home/jay/Kanish/pr_version_5/pr_version_5.sdk/send_data/Debug/send_data.elf' is downloaded to processor 'ps7_cortexa9_0'.
18:28:24 INFO  : 'configparams force-mem-access 0' command is executed.
18:28:24 INFO  : ----------------XSDB Script----------------
connect -url tcp:127.0.0.1:3121
source /home/jay/Kanish/pr_version_5/pr_version_5.sdk/design_1_wrapper_hw_platform_0/ps7_init.tcl
targets -set -nocase -filter {name =~"APU*" && jtag_cable_name =~ "Digilent Zed 210248AA5818"} -index 0
loadhw -hw /home/jay/Kanish/pr_version_5/pr_version_5.sdk/design_1_wrapper_hw_platform_0/system.hdf -mem-ranges [list {0x40000000 0xbfffffff}]
configparams force-mem-access 1
targets -set -nocase -filter {name =~"APU*" && jtag_cable_name =~ "Digilent Zed 210248AA5818"} -index 0
stop
ps7_init
ps7_post_config
targets -set -nocase -filter {name =~ "ARM*#0" && jtag_cable_name =~ "Digilent Zed 210248AA5818"} -index 0
dow /home/jay/Kanish/pr_version_5/pr_version_5.sdk/send_data/Debug/send_data.elf
configparams force-mem-access 0
----------------End of Script----------------

18:28:24 INFO  : Memory regions updated for context APU
18:28:24 INFO  : Launch script is exported to file '/home/jay/Kanish/pr_version_5/pr_version_5.sdk/.sdk/launch_scripts/xilinx_c-c++_application_(system_debugger)/system_debugger_on_local.tcl'
18:29:17 INFO  : Disconnected from the channel tcfchan#23.
18:29:19 INFO  : 'targets -set -filter {jtag_cable_name =~ "Digilent Zed 210248AA5818" && level==0} -index 1' command is executed.
18:29:19 INFO  : 'fpga -state' command is executed.
18:29:19 INFO  : Connected to target on host '127.0.0.1' and port '3121'.
18:29:19 INFO  : Jtag cable 'Digilent Zed 210248AA5818' is selected.
18:29:19 INFO  : 'jtag frequency' command is executed.
18:29:19 INFO  : Sourcing of '/home/jay/Kanish/pr_version_5/pr_version_5.sdk/design_1_wrapper_hw_platform_0/ps7_init.tcl' is done.
18:29:19 INFO  : Context for 'APU' is selected.
18:29:21 INFO  : Hardware design information is loaded from '/home/jay/Kanish/pr_version_5/pr_version_5.sdk/design_1_wrapper_hw_platform_0/system.hdf'.
18:29:21 INFO  : 'configparams force-mem-access 1' command is executed.
18:29:21 INFO  : Context for 'APU' is selected.
18:29:21 INFO  : 'stop' command is executed.
18:29:21 INFO  : 'ps7_init' command is executed.
18:29:21 INFO  : 'ps7_post_config' command is executed.
18:29:21 INFO  : Context for processor 'ps7_cortexa9_0' is selected.
18:29:22 INFO  : The application '/home/jay/Kanish/pr_version_5/pr_version_5.sdk/send_data/Debug/send_data.elf' is downloaded to processor 'ps7_cortexa9_0'.
18:29:22 INFO  : 'configparams force-mem-access 0' command is executed.
18:29:22 INFO  : ----------------XSDB Script----------------
connect -url tcp:127.0.0.1:3121
source /home/jay/Kanish/pr_version_5/pr_version_5.sdk/design_1_wrapper_hw_platform_0/ps7_init.tcl
targets -set -nocase -filter {name =~"APU*" && jtag_cable_name =~ "Digilent Zed 210248AA5818"} -index 0
loadhw -hw /home/jay/Kanish/pr_version_5/pr_version_5.sdk/design_1_wrapper_hw_platform_0/system.hdf -mem-ranges [list {0x40000000 0xbfffffff}]
configparams force-mem-access 1
targets -set -nocase -filter {name =~"APU*" && jtag_cable_name =~ "Digilent Zed 210248AA5818"} -index 0
stop
ps7_init
ps7_post_config
targets -set -nocase -filter {name =~ "ARM*#0" && jtag_cable_name =~ "Digilent Zed 210248AA5818"} -index 0
dow /home/jay/Kanish/pr_version_5/pr_version_5.sdk/send_data/Debug/send_data.elf
configparams force-mem-access 0
----------------End of Script----------------

18:29:22 INFO  : Memory regions updated for context APU
18:29:22 INFO  : Launch script is exported to file '/home/jay/Kanish/pr_version_5/pr_version_5.sdk/.sdk/launch_scripts/xilinx_c-c++_application_(system_debugger)/system_debugger_on_local.tcl'
18:58:07 INFO  : Disconnected from the channel tcfchan#24.
